Test Group 1: Audio Recorder Tests
=======================================
Started at: Wed Aug 13 22:27:22 -03 2025

[  +12 ms] executing: sysctl hw.optional.arm64
[   +7 ms] Exit code 0 from: sysctl hw.optional.arm64
[        ] hw.optional.arm64: 1
[   +9 ms] executing: sw_vers -productName
[  +10 ms] Exit code 0 from: sw_vers -productName
[        ] macOS
[        ] executing: sw_vers -productVersion
[   +9 ms] Exit code 0 from: sw_vers -productVersion
[        ] 15.5
[        ] executing: sw_vers -buildVersion
[  +10 ms] Exit code 0 from: sw_vers -buildVersion
[        ] 24F74
[        ] executing: uname -m
[   +4 ms] Exit code 0 from: uname -m
[        ] arm64
[  +12 ms] Found 1 files which will be executed as Widget Tests.
[   +3 ms] Artifact Instance of 'AndroidGenSnapshotArtifacts' is not required, skipping update.
[        ] Artifact Instance of 'AndroidInternalBuildArtifacts' is not required, skipping update.
[        ] Artifact Instance of 'IOSEngineArtifacts' is not required, skipping update.
[        ] Artifact Instance of 'FlutterWebSdk' is not required, skipping update.
[        ] Artifact Instance of 'LegacyCanvasKitRemover' is not required, skipping update.
[   +2 ms] Artifact Instance of 'WindowsEngineArtifacts' is not required, skipping update.
[        ] Artifact Instance of 'MacOSEngineArtifacts' is not required, skipping update.
[        ] Artifact Instance of 'LinuxEngineArtifacts' is not required, skipping update.
[        ] Artifact Instance of 'LinuxFuchsiaSDKArtifacts' is not required, skipping update.
[        ] Artifact Instance of 'MacOSFuchsiaSDKArtifacts' is not required, skipping update.
[        ] Artifact Instance of 'FlutterRunnerSDKArtifacts' is not required, skipping update.
[        ] Artifact Instance of 'FlutterRunnerDebugSymbols' is not required, skipping update.
[  +23 ms] Artifact Instance of 'MaterialFonts' is not required, skipping update.
[        ] Artifact Instance of 'GradleWrapper' is not required, skipping update.
[        ] Artifact Instance of 'AndroidGenSnapshotArtifacts' is not required, skipping update.
[        ] Artifact Instance of 'AndroidInternalBuildArtifacts' is not required, skipping update.
[        ] Artifact Instance of 'IOSEngineArtifacts' is not required, skipping update.
[        ] Artifact Instance of 'FlutterWebSdk' is not required, skipping update.
[        ] Artifact Instance of 'LegacyCanvasKitRemover' is not required, skipping update.
[        ] Artifact Instance of 'FlutterSdk' is not required, skipping update.
[        ] Artifact Instance of 'WindowsEngineArtifacts' is not required, skipping update.
[        ] Artifact Instance of 'MacOSEngineArtifacts' is not required, skipping update.
[        ] Artifact Instance of 'LinuxEngineArtifacts' is not required, skipping update.
[        ] Artifact Instance of 'LinuxFuchsiaSDKArtifacts' is not required, skipping update.
[        ] Artifact Instance of 'MacOSFuchsiaSDKArtifacts' is not required, skipping update.
[        ] Artifact Instance of 'FlutterRunnerSDKArtifacts' is not required, skipping update.
[        ] Artifact Instance of 'FlutterRunnerDebugSymbols' is not required, skipping update.
[        ] Artifact Instance of 'IosUsbArtifacts' is not required, skipping update.
[        ] Artifact Instance of 'IosUsbArtifacts' is not required, skipping update.
[        ] Artifact Instance of 'IosUsbArtifacts' is not required, skipping update.
[        ] Artifact Instance of 'IosUsbArtifacts' is not required, skipping update.
[        ] Artifact Instance of 'IosUsbArtifacts' is not required, skipping update.
[        ] Artifact Instance of 'FontSubsetArtifacts' is not required, skipping update.
[        ] Artifact Instance of 'PubDependencies' is not required, skipping update.
[  +33 ms] Skipping pub get: version match.
[  +20 ms] Found plugin audioplayers at /Users/alebairos/.pub-cache/hosted/pub.dev/audioplayers-5.2.1/
[   +4 ms] Found plugin audioplayers_android at /Users/alebairos/.pub-cache/hosted/pub.dev/audioplayers_android-4.0.3/
[   +3 ms] Found plugin audioplayers_darwin at /Users/alebairos/.pub-cache/hosted/pub.dev/audioplayers_darwin-5.0.2/
[   +2 ms] Found plugin audioplayers_linux at /Users/alebairos/.pub-cache/hosted/pub.dev/audioplayers_linux-3.1.0/
[   +2 ms] Found plugin audioplayers_web at /Users/alebairos/.pub-cache/hosted/pub.dev/audioplayers_web-4.1.0/
[   +1 ms] Found plugin audioplayers_windows at /Users/alebairos/.pub-cache/hosted/pub.dev/audioplayers_windows-3.1.0/
[  +39 ms] Found plugin isar_flutter_libs at /Users/alebairos/.pub-cache/hosted/pub.dev/isar_flutter_libs-3.1.0+1/
[  +12 ms] Found plugin path_provider at /Users/alebairos/.pub-cache/hosted/pub.dev/path_provider-2.1.5/
[        ] Found plugin path_provider_android at /Users/alebairos/.pub-cache/hosted/pub.dev/path_provider_android-2.2.15/
[        ] Found plugin path_provider_foundation at /Users/alebairos/.pub-cache/hosted/pub.dev/path_provider_foundation-2.4.1/
[        ] Found plugin path_provider_linux at /Users/alebairos/.pub-cache/hosted/pub.dev/path_provider_linux-2.2.1/
[   +1 ms] Found plugin path_provider_windows at /Users/alebairos/.pub-cache/hosted/pub.dev/path_provider_windows-2.3.0/
[   +3 ms] Found plugin record at /Users/alebairos/.pub-cache/hosted/pub.dev/record-4.4.4/
[        ] Found plugin record_linux at /Users/alebairos/.pub-cache/hosted/pub.dev/record_linux-0.4.1/
[        ] Found plugin record_macos at /Users/alebairos/.pub-cache/hosted/pub.dev/record_macos-0.2.2/
[   +1 ms] Found plugin record_web at /Users/alebairos/.pub-cache/hosted/pub.dev/record_web-0.5.0/
[        ] Found plugin record_windows at /Users/alebairos/.pub-cache/hosted/pub.dev/record_windows-0.7.1/
[  +13 ms] Found plugin integration_test at /opt/homebrew/Caskroom/flutter/3.27.2/flutter/packages/integration_test/
[  +11 ms] Found plugin audioplayers at /Users/alebairos/.pub-cache/hosted/pub.dev/audioplayers-5.2.1/
[        ] Found plugin audioplayers_android at /Users/alebairos/.pub-cache/hosted/pub.dev/audioplayers_android-4.0.3/
[        ] Found plugin audioplayers_darwin at /Users/alebairos/.pub-cache/hosted/pub.dev/audioplayers_darwin-5.0.2/
[   +1 ms] Found plugin audioplayers_linux at /Users/alebairos/.pub-cache/hosted/pub.dev/audioplayers_linux-3.1.0/
[   +1 ms] Found plugin audioplayers_web at /Users/alebairos/.pub-cache/hosted/pub.dev/audioplayers_web-4.1.0/
[        ] Found plugin audioplayers_windows at /Users/alebairos/.pub-cache/hosted/pub.dev/audioplayers_windows-3.1.0/
[  +13 ms] Found plugin isar_flutter_libs at /Users/alebairos/.pub-cache/hosted/pub.dev/isar_flutter_libs-3.1.0+1/
[   +8 ms] Found plugin path_provider at /Users/alebairos/.pub-cache/hosted/pub.dev/path_provider-2.1.5/
[        ] Found plugin path_provider_android at /Users/alebairos/.pub-cache/hosted/pub.dev/path_provider_android-2.2.15/
[        ] Found plugin path_provider_foundation at /Users/alebairos/.pub-cache/hosted/pub.dev/path_provider_foundation-2.4.1/
[        ] Found plugin path_provider_linux at /Users/alebairos/.pub-cache/hosted/pub.dev/path_provider_linux-2.2.1/
[        ] Found plugin path_provider_windows at /Users/alebairos/.pub-cache/hosted/pub.dev/path_provider_windows-2.3.0/
[   +2 ms] Found plugin record at /Users/alebairos/.pub-cache/hosted/pub.dev/record-4.4.4/
[        ] Found plugin record_linux at /Users/alebairos/.pub-cache/hosted/pub.dev/record_linux-0.4.1/
[        ] Found plugin record_macos at /Users/alebairos/.pub-cache/hosted/pub.dev/record_macos-0.2.2/
[        ] Found plugin record_web at /Users/alebairos/.pub-cache/hosted/pub.dev/record_web-0.5.0/
[        ] Found plugin record_windows at /Users/alebairos/.pub-cache/hosted/pub.dev/record_windows-0.7.1/
[  +12 ms] Found plugin integration_test at /opt/homebrew/Caskroom/flutter/3.27.2/flutter/packages/integration_test/
[  +12 ms] Found plugin audioplayers at /Users/alebairos/.pub-cache/hosted/pub.dev/audioplayers-5.2.1/
[        ] Found plugin audioplayers_android at /Users/alebairos/.pub-cache/hosted/pub.dev/audioplayers_android-4.0.3/
[        ] Found plugin audioplayers_darwin at /Users/alebairos/.pub-cache/hosted/pub.dev/audioplayers_darwin-5.0.2/
[        ] Found plugin audioplayers_linux at /Users/alebairos/.pub-cache/hosted/pub.dev/audioplayers_linux-3.1.0/
[        ] Found plugin audioplayers_web at /Users/alebairos/.pub-cache/hosted/pub.dev/audioplayers_web-4.1.0/
[        ] Found plugin audioplayers_windows at /Users/alebairos/.pub-cache/hosted/pub.dev/audioplayers_windows-3.1.0/
[  +11 ms] Found plugin isar_flutter_libs at /Users/alebairos/.pub-cache/hosted/pub.dev/isar_flutter_libs-3.1.0+1/
[   +8 ms] Found plugin path_provider at /Users/alebairos/.pub-cache/hosted/pub.dev/path_provider-2.1.5/
[   +1 ms] Found plugin path_provider_android at /Users/alebairos/.pub-cache/hosted/pub.dev/path_provider_android-2.2.15/
[        ] Found plugin path_provider_foundation at /Users/alebairos/.pub-cache/hosted/pub.dev/path_provider_foundation-2.4.1/
[        ] Found plugin path_provider_linux at /Users/alebairos/.pub-cache/hosted/pub.dev/path_provider_linux-2.2.1/
[   +1 ms] Found plugin path_provider_windows at /Users/alebairos/.pub-cache/hosted/pub.dev/path_provider_windows-2.3.0/
[   +4 ms] Found plugin record at /Users/alebairos/.pub-cache/hosted/pub.dev/record-4.4.4/
[        ] Found plugin record_linux at /Users/alebairos/.pub-cache/hosted/pub.dev/record_linux-0.4.1/
[        ] Found plugin record_macos at /Users/alebairos/.pub-cache/hosted/pub.dev/record_macos-0.2.2/
[        ] Found plugin record_web at /Users/alebairos/.pub-cache/hosted/pub.dev/record_web-0.5.0/
[        ] Found plugin record_windows at /Users/alebairos/.pub-cache/hosted/pub.dev/record_windows-0.7.1/
[  +12 ms] Found plugin integration_test at /opt/homebrew/Caskroom/flutter/3.27.2/flutter/packages/integration_test/
[   +3 ms] Generating /Users/alebairos/Projects/mobile/chat_app/android/app/src/main/java/io/flutter/plugins/GeneratedPluginRegistrant.java
[  +26 ms] executing: sysctl hw.optional.arm64
[   +5 ms] Exit code 0 from: sysctl hw.optional.arm64
[        ] hw.optional.arm64: 1
[        ] executing: /usr/bin/arch -arm64e xcrun xcodebuild -version
[  +57 ms] Exit code 0 from: /usr/bin/arch -arm64e xcrun xcodebuild -version
[        ] Xcode 16.2
           Build version 16C5032a
[  +59 ms] No packages with native assets. Skipping native assets compilation.
[        ] Writing native assets json to file:///Users/alebairos/Projects/mobile/chat_app/build/native_assets/macos/native_assets.json.
[        ] Writing /Users/alebairos/Projects/mobile/chat_app/build/native_assets/macos/native_assets.json done.
[  +78 ms] Manifest contained wildcard assets. Inserting missing file into build graph to force rerun. for more information see #56466.
[  +12 ms] running test package with arguments: [--no-color, --chain-stack-traces, --, file:///Users/alebairos/Projects/mobile/chat_app/test/audio_recorder_test.dart?]
00:00 +0: loading /Users/alebairos/Projects/mobile/chat_app/test/audio_recorder_test.dart                                                                                                              [  +95 ms] test 0: starting test /Users/alebairos/Projects/mobile/chat_app/test/audio_recorder_test.dart
[   +2 ms] Stopping scan for flutter_test_config.dart; found project root at /Users/alebairos/Projects/mobile/chat_app
[   +1 ms] Compiler will use the following file as its incremental dill file: /var/folders/f7/rqd14g9d2rv0v4rhwj55l7v40000gn/T/flutter_tools.w653cf/flutter_test_compiler.0emnJa/output.dill
[        ] Listening to compiler controller...
[   +4 ms] Compiling file:///var/folders/f7/rqd14g9d2rv0v4rhwj55l7v40000gn/T/flutter_tools.w653cf/flutter_test_listener.PCqYFj/listener.dart
[  +17 ms] Found plugin audioplayers at /Users/alebairos/.pub-cache/hosted/pub.dev/audioplayers-5.2.1/
[        ] Found plugin audioplayers_android at /Users/alebairos/.pub-cache/hosted/pub.dev/audioplayers_android-4.0.3/
[        ] Found plugin audioplayers_darwin at /Users/alebairos/.pub-cache/hosted/pub.dev/audioplayers_darwin-5.0.2/
[        ] Found plugin audioplayers_linux at /Users/alebairos/.pub-cache/hosted/pub.dev/audioplayers_linux-3.1.0/
[        ] Found plugin audioplayers_web at /Users/alebairos/.pub-cache/hosted/pub.dev/audioplayers_web-4.1.0/
[        ] Found plugin audioplayers_windows at /Users/alebairos/.pub-cache/hosted/pub.dev/audioplayers_windows-3.1.0/
[   +9 ms] Found plugin isar_flutter_libs at /Users/alebairos/.pub-cache/hosted/pub.dev/isar_flutter_libs-3.1.0+1/
[   +5 ms] Found plugin path_provider at /Users/alebairos/.pub-cache/hosted/pub.dev/path_provider-2.1.5/
[        ] Found plugin path_provider_android at /Users/alebairos/.pub-cache/hosted/pub.dev/path_provider_android-2.2.15/
[        ] Found plugin path_provider_foundation at /Users/alebairos/.pub-cache/hosted/pub.dev/path_provider_foundation-2.4.1/
[        ] Found plugin path_provider_linux at /Users/alebairos/.pub-cache/hosted/pub.dev/path_provider_linux-2.2.1/
[        ] Found plugin path_provider_windows at /Users/alebairos/.pub-cache/hosted/pub.dev/path_provider_windows-2.3.0/
[   +1 ms] Found plugin record at /Users/alebairos/.pub-cache/hosted/pub.dev/record-4.4.4/
[        ] Found plugin record_linux at /Users/alebairos/.pub-cache/hosted/pub.dev/record_linux-0.4.1/
[        ] Found plugin record_macos at /Users/alebairos/.pub-cache/hosted/pub.dev/record_macos-0.2.2/
[        ] Found plugin record_web at /Users/alebairos/.pub-cache/hosted/pub.dev/record_web-0.5.0/
[        ] Found plugin record_windows at /Users/alebairos/.pub-cache/hosted/pub.dev/record_windows-0.7.1/
[   +8 ms] Found plugin integration_test at /opt/homebrew/Caskroom/flutter/3.27.2/flutter/packages/integration_test/
[   +4 ms] /opt/homebrew/Caskroom/flutter/3.27.2/flutter/bin/cache/dart-sdk/bin/dartaotruntime /opt/homebrew/Caskroom/flutter/3.27.2/flutter/bin/cache/dart-sdk/bin/snapshots/frontend_server_aot.dart.snapshot --sdk-root /opt/homebrew/Caskroom/flutter/3.27.2/flutter/bin/cache/artifacts/engine/common/flutter_patched_sdk/ --incremental --no-print-incremental-dependencies --target=flutter --experimental-emit-debug-metadata --output-dill /var/folders/f7/rqd14g9d2rv0v4rhwj55l7v40000gn/T/flutter_tools.w653cf/flutter_test_compiler.0emnJa/output.dill --packages /Users/alebairos/Projects/mobile/chat_app/.dart_tool/package_config.json -Ddart.vm.profile=false -Ddart.vm.product=false --enable-asserts --track-widget-creation --initialize-from-dill /Users/alebairos/Projects/mobile/chat_app/build/test_cache/build/cache.dill.track.dill --verbosity=error
[   +7 ms] <- compile file:///var/folders/f7/rqd14g9d2rv0v4rhwj55l7v40000gn/T/flutter_tools.w653cf/flutter_test_listener.PCqYFj/listener.dart
[ +788 ms] <- accept
[        ] <- reset
[        ] Compiling file:///var/folders/f7/rqd14g9d2rv0v4rhwj55l7v40000gn/T/flutter_tools.w653cf/flutter_test_listener.PCqYFj/listener.dart took 849ms
[        ] test 0: starting test device
[   +1 ms] test 0: awaiting connection to test device
[        ] test 0: VM Service uri is not available
[   +1 ms] test 0: test harness socket server is running at port:58642
[        ] Using this directory for fonts configuration: /var/folders/f7/rqd14g9d2rv0v4rhwj55l7v40000gn/T/flutter_tools.w653cf/flutter_test_fonts.SwFLi2
[        ] test 0: Starting flutter_tester process with command=[/opt/homebrew/Caskroom/flutter/3.27.2/flutter/bin/cache/artifacts/engine/darwin-x64/flutter_tester, --disable-vm-service, --enable-checked-mode, --verify-entry-points, --enable-software-rendering, --skia-deterministic-rendering, --enable-dart-profiling, --non-interactive, --use-test-fonts, --disable-asset-fonts, --packages=/Users/alebairos/Projects/mobile/chat_app/.dart_tool/package_config.json, --flutter-assets-dir=/Users/alebairos/Projects/mobile/chat_app/build/unit_test_assets, /var/folders/f7/rqd14g9d2rv0v4rhwj55l7v40000gn/T/flutter_tools.w653cf/flutter_test_listener.PCqYFj/listener.dart.dill], environment={FLUTTER_TEST: true, FONTCONFIG_FILE: /var/folders/f7/rqd14g9d2rv0v4rhwj55l7v40000gn/T/flutter_tools.w653cf/flutter_test_fonts.SwFLi2/fonts.conf, SERVER_PORT: 58642, APP_NAME: character_ai_clone, UNIT_TEST_ASSETS: /Users/alebairos/Projects/mobile/chat_app/build/unit_test_assets}
[   +4 ms] test 0: Started flutter_tester process at pid 58758
00:01 +0: loading /Users/alebairos/Projects/mobile/chat_app/test/audio_recorder_test.dart                                                                                                              [ +298 ms] test 0: connected to test device, now awaiting test result
[        ] test 0: Waiting for test harness or tests to finish
00:01 +0: AudioRecorder shows mic button initially                                                                                                                                                     00:01 +1: AudioRecorder shows mic button initially                                                                                                                                                     00:01 +1: verifies recording permission before starting                                                                                                                                                00:01 +1: verifies recording permission before starting                                                                                                                                                

ðŸŽ™ï¸ Starting recording process
âœ“ Recording permission granted
00:01 +2: verifies recording permission before starting                                                                                                                                                [ +502 ms] test 0: Test harness is no longer needed by test process
[        ] test 0: finished
[        ] test 0: cleaning up...
[        ] test 0: ensuring test device is terminated.
[        ] test 0: Terminating flutter_tester process
[        ] test 0: Shutting down DevTools server
[        ] test 0: Test process is no longer needed by test harness
[        ] test 0: Shutting down test harness socket server
[   +4 ms] test 0: flutter_tester process at pid 58758 exited with code=-9
[        ] test 0: deleting temporary directory
[   +1 ms] test 0: finished
00:01 +2: All tests passed!                                                                                                                                                                            
[   +3 ms] Deleting /var/folders/f7/rqd14g9d2rv0v4rhwj55l7v40000gn/T/flutter_tools.w653cf/flutter_test_compiler.0emnJa...
[        ] killing pid 58751
[  +14 ms] Deleting /var/folders/f7/rqd14g9d2rv0v4rhwj55l7v40000gn/T/flutter_tools.w653cf/flutter_test_fonts.SwFLi2...
[   +1 ms] test package returned with exit code 0
[        ] Runtime for phase TestRunner: Wall-clock: 0:00:01.801782; combined: 0:00:01.801806.
[        ] Runtime for phase Compile: Wall-clock: 0:00:00.849888; combined: 0:00:00.849908.
[        ] Runtime for phase Run: Wall-clock: 0:00:00.810782; combined: 0:00:00.810786.
[        ] Runtime for phase CoverageTotal: Wall-clock: 0:00:00.000000; combined: 0:00:00.000000.
[        ] Runtime for phase CoverageCollect: Wall-clock: 0:00:00.000000; combined: 0:00:00.000000.
[        ] Runtime for phase CoverageParseJson: Wall-clock: 0:00:00.000000; combined: 0:00:00.000000.
[        ] Runtime for phase CoverageAddHitmap: Wall-clock: 0:00:00.000000; combined: 0:00:00.000000.
[        ] Runtime for phase CoverageDataCollect: Wall-clock: 0:00:00.000000; combined: 0:00:00.000000.
[        ] Runtime for phase WatcherFinishedTest: Wall-clock: 0:00:00.000367; combined: 0:00:00.000369.
[   +3 ms] "flutter test" took 2,380ms.
[  +18 ms] Running 3 shutdown hooks
[        ] Shutdown hooks complete
[ +215 ms] exiting with code 0
\n-------------------------------------------\n
[  +13 ms] executing: sysctl hw.optional.arm64
[   +7 ms] Exit code 0 from: sysctl hw.optional.arm64
[        ] hw.optional.arm64: 1
[   +9 ms] executing: sw_vers -productName
[   +9 ms] Exit code 0 from: sw_vers -productName
[        ] macOS
[        ] executing: sw_vers -productVersion
[   +9 ms] Exit code 0 from: sw_vers -productVersion
[        ] 15.5
[        ] executing: sw_vers -buildVersion
[   +9 ms] Exit code 0 from: sw_vers -buildVersion
[        ] 24F74
[        ] executing: uname -m
[   +3 ms] Exit code 0 from: uname -m
[        ] arm64
[  +13 ms] Found 1 files which will be executed as Widget Tests.
[   +3 ms] Artifact Instance of 'AndroidGenSnapshotArtifacts' is not required, skipping update.
[        ] Artifact Instance of 'AndroidInternalBuildArtifacts' is not required, skipping update.
[        ] Artifact Instance of 'IOSEngineArtifacts' is not required, skipping update.
[        ] Artifact Instance of 'FlutterWebSdk' is not required, skipping update.
[        ] Artifact Instance of 'LegacyCanvasKitRemover' is not required, skipping update.
[   +5 ms] Artifact Instance of 'WindowsEngineArtifacts' is not required, skipping update.
[        ] Artifact Instance of 'MacOSEngineArtifacts' is not required, skipping update.
[        ] Artifact Instance of 'LinuxEngineArtifacts' is not required, skipping update.
[        ] Artifact Instance of 'LinuxFuchsiaSDKArtifacts' is not required, skipping update.
[        ] Artifact Instance of 'MacOSFuchsiaSDKArtifacts' is not required, skipping update.
[        ] Artifact Instance of 'FlutterRunnerSDKArtifacts' is not required, skipping update.
[        ] Artifact Instance of 'FlutterRunnerDebugSymbols' is not required, skipping update.
[  +28 ms] Artifact Instance of 'MaterialFonts' is not required, skipping update.
[        ] Artifact Instance of 'GradleWrapper' is not required, skipping update.
[        ] Artifact Instance of 'AndroidGenSnapshotArtifacts' is not required, skipping update.
[        ] Artifact Instance of 'AndroidInternalBuildArtifacts' is not required, skipping update.
[        ] Artifact Instance of 'IOSEngineArtifacts' is not required, skipping update.
[        ] Artifact Instance of 'FlutterWebSdk' is not required, skipping update.
[        ] Artifact Instance of 'LegacyCanvasKitRemover' is not required, skipping update.
[        ] Artifact Instance of 'FlutterSdk' is not required, skipping update.
[        ] Artifact Instance of 'WindowsEngineArtifacts' is not required, skipping update.
[        ] Artifact Instance of 'MacOSEngineArtifacts' is not required, skipping update.
[        ] Artifact Instance of 'LinuxEngineArtifacts' is not required, skipping update.
[        ] Artifact Instance of 'LinuxFuchsiaSDKArtifacts' is not required, skipping update.
[        ] Artifact Instance of 'MacOSFuchsiaSDKArtifacts' is not required, skipping update.
[        ] Artifact Instance of 'FlutterRunnerSDKArtifacts' is not required, skipping update.
[        ] Artifact Instance of 'FlutterRunnerDebugSymbols' is not required, skipping update.
[        ] Artifact Instance of 'IosUsbArtifacts' is not required, skipping update.
[        ] Artifact Instance of 'IosUsbArtifacts' is not required, skipping update.
[        ] Artifact Instance of 'IosUsbArtifacts' is not required, skipping update.
[        ] Artifact Instance of 'IosUsbArtifacts' is not required, skipping update.
[        ] Artifact Instance of 'IosUsbArtifacts' is not required, skipping update.
[        ] Artifact Instance of 'FontSubsetArtifacts' is not required, skipping update.
[        ] Artifact Instance of 'PubDependencies' is not required, skipping update.
[  +31 ms] Skipping pub get: version match.
[  +19 ms] Found plugin audioplayers at /Users/alebairos/.pub-cache/hosted/pub.dev/audioplayers-5.2.1/
[   +2 ms] Found plugin audioplayers_android at /Users/alebairos/.pub-cache/hosted/pub.dev/audioplayers_android-4.0.3/
[   +2 ms] Found plugin audioplayers_darwin at /Users/alebairos/.pub-cache/hosted/pub.dev/audioplayers_darwin-5.0.2/
[   +1 ms] Found plugin audioplayers_linux at /Users/alebairos/.pub-cache/hosted/pub.dev/audioplayers_linux-3.1.0/
[   +2 ms] Found plugin audioplayers_web at /Users/alebairos/.pub-cache/hosted/pub.dev/audioplayers_web-4.1.0/
[   +1 ms] Found plugin audioplayers_windows at /Users/alebairos/.pub-cache/hosted/pub.dev/audioplayers_windows-3.1.0/
[  +25 ms] Found plugin isar_flutter_libs at /Users/alebairos/.pub-cache/hosted/pub.dev/isar_flutter_libs-3.1.0+1/
[  +12 ms] Found plugin path_provider at /Users/alebairos/.pub-cache/hosted/pub.dev/path_provider-2.1.5/
[        ] Found plugin path_provider_android at /Users/alebairos/.pub-cache/hosted/pub.dev/path_provider_android-2.2.15/
[        ] Found plugin path_provider_foundation at /Users/alebairos/.pub-cache/hosted/pub.dev/path_provider_foundation-2.4.1/
[   +1 ms] Found plugin path_provider_linux at /Users/alebairos/.pub-cache/hosted/pub.dev/path_provider_linux-2.2.1/
[   +1 ms] Found plugin path_provider_windows at /Users/alebairos/.pub-cache/hosted/pub.dev/path_provider_windows-2.3.0/
[   +3 ms] Found plugin record at /Users/alebairos/.pub-cache/hosted/pub.dev/record-4.4.4/
[        ] Found plugin record_linux at /Users/alebairos/.pub-cache/hosted/pub.dev/record_linux-0.4.1/
[        ] Found plugin record_macos at /Users/alebairos/.pub-cache/hosted/pub.dev/record_macos-0.2.2/
[   +1 ms] Found plugin record_web at /Users/alebairos/.pub-cache/hosted/pub.dev/record_web-0.5.0/
[        ] Found plugin record_windows at /Users/alebairos/.pub-cache/hosted/pub.dev/record_windows-0.7.1/
[  +12 ms] Found plugin integration_test at /opt/homebrew/Caskroom/flutter/3.27.2/flutter/packages/integration_test/
[  +11 ms] Found plugin audioplayers at /Users/alebairos/.pub-cache/hosted/pub.dev/audioplayers-5.2.1/
[        ] Found plugin audioplayers_android at /Users/alebairos/.pub-cache/hosted/pub.dev/audioplayers_android-4.0.3/
[        ] Found plugin audioplayers_darwin at /Users/alebairos/.pub-cache/hosted/pub.dev/audioplayers_darwin-5.0.2/
[        ] Found plugin audioplayers_linux at /Users/alebairos/.pub-cache/hosted/pub.dev/audioplayers_linux-3.1.0/
[        ] Found plugin audioplayers_web at /Users/alebairos/.pub-cache/hosted/pub.dev/audioplayers_web-4.1.0/
[        ] Found plugin audioplayers_windows at /Users/alebairos/.pub-cache/hosted/pub.dev/audioplayers_windows-3.1.0/
[  +11 ms] Found plugin isar_flutter_libs at /Users/alebairos/.pub-cache/hosted/pub.dev/isar_flutter_libs-3.1.0+1/
[   +5 ms] Found plugin path_provider at /Users/alebairos/.pub-cache/hosted/pub.dev/path_provider-2.1.5/
[        ] Found plugin path_provider_android at /Users/alebairos/.pub-cache/hosted/pub.dev/path_provider_android-2.2.15/
[        ] Found plugin path_provider_foundation at /Users/alebairos/.pub-cache/hosted/pub.dev/path_provider_foundation-2.4.1/
[        ] Found plugin path_provider_linux at /Users/alebairos/.pub-cache/hosted/pub.dev/path_provider_linux-2.2.1/
[        ] Found plugin path_provider_windows at /Users/alebairos/.pub-cache/hosted/pub.dev/path_provider_windows-2.3.0/
[   +2 ms] Found plugin record at /Users/alebairos/.pub-cache/hosted/pub.dev/record-4.4.4/
[        ] Found plugin record_linux at /Users/alebairos/.pub-cache/hosted/pub.dev/record_linux-0.4.1/
[        ] Found plugin record_macos at /Users/alebairos/.pub-cache/hosted/pub.dev/record_macos-0.2.2/
[        ] Found plugin record_web at /Users/alebairos/.pub-cache/hosted/pub.dev/record_web-0.5.0/
[        ] Found plugin record_windows at /Users/alebairos/.pub-cache/hosted/pub.dev/record_windows-0.7.1/
[   +9 ms] Found plugin integration_test at /opt/homebrew/Caskroom/flutter/3.27.2/flutter/packages/integration_test/
[   +9 ms] Found plugin audioplayers at /Users/alebairos/.pub-cache/hosted/pub.dev/audioplayers-5.2.1/
[        ] Found plugin audioplayers_android at /Users/alebairos/.pub-cache/hosted/pub.dev/audioplayers_android-4.0.3/
[        ] Found plugin audioplayers_darwin at /Users/alebairos/.pub-cache/hosted/pub.dev/audioplayers_darwin-5.0.2/
[        ] Found plugin audioplayers_linux at /Users/alebairos/.pub-cache/hosted/pub.dev/audioplayers_linux-3.1.0/
[        ] Found plugin audioplayers_web at /Users/alebairos/.pub-cache/hosted/pub.dev/audioplayers_web-4.1.0/
[        ] Found plugin audioplayers_windows at /Users/alebairos/.pub-cache/hosted/pub.dev/audioplayers_windows-3.1.0/
[   +9 ms] Found plugin isar_flutter_libs at /Users/alebairos/.pub-cache/hosted/pub.dev/isar_flutter_libs-3.1.0+1/
[   +5 ms] Found plugin path_provider at /Users/alebairos/.pub-cache/hosted/pub.dev/path_provider-2.1.5/
[        ] Found plugin path_provider_android at /Users/alebairos/.pub-cache/hosted/pub.dev/path_provider_android-2.2.15/
[        ] Found plugin path_provider_foundation at /Users/alebairos/.pub-cache/hosted/pub.dev/path_provider_foundation-2.4.1/
[        ] Found plugin path_provider_linux at /Users/alebairos/.pub-cache/hosted/pub.dev/path_provider_linux-2.2.1/
[   +1 ms] Found plugin path_provider_windows at /Users/alebairos/.pub-cache/hosted/pub.dev/path_provider_windows-2.3.0/
[   +2 ms] Found plugin record at /Users/alebairos/.pub-cache/hosted/pub.dev/record-4.4.4/
[        ] Found plugin record_linux at /Users/alebairos/.pub-cache/hosted/pub.dev/record_linux-0.4.1/
[        ] Found plugin record_macos at /Users/alebairos/.pub-cache/hosted/pub.dev/record_macos-0.2.2/
[        ] Found plugin record_web at /Users/alebairos/.pub-cache/hosted/pub.dev/record_web-0.5.0/
[        ] Found plugin record_windows at /Users/alebairos/.pub-cache/hosted/pub.dev/record_windows-0.7.1/
[  +10 ms] Found plugin integration_test at /opt/homebrew/Caskroom/flutter/3.27.2/flutter/packages/integration_test/
[   +2 ms] Generating /Users/alebairos/Projects/mobile/chat_app/android/app/src/main/java/io/flutter/plugins/GeneratedPluginRegistrant.java
[  +15 ms] executing: sysctl hw.optional.arm64
[   +3 ms] Exit code 0 from: sysctl hw.optional.arm64
[        ] hw.optional.arm64: 1
[        ] executing: /usr/bin/arch -arm64e xcrun xcodebuild -version
[  +62 ms] Exit code 0 from: /usr/bin/arch -arm64e xcrun xcodebuild -version
[        ] Xcode 16.2
           Build version 16C5032a
[  +57 ms] No packages with native assets. Skipping native assets compilation.
[   +1 ms] Writing native assets json to file:///Users/alebairos/Projects/mobile/chat_app/build/native_assets/macos/native_assets.json.
[        ] Writing /Users/alebairos/Projects/mobile/chat_app/build/native_assets/macos/native_assets.json done.
[  +79 ms] Manifest contained wildcard assets. Inserting missing file into build graph to force rerun. for more information see #56466.
[   +6 ms] running test package with arguments: [--no-color, --chain-stack-traces, --, file:///Users/alebairos/Projects/mobile/chat_app/test/audio_recorder_button_style_test.dart?]
00:00 +0: loading /Users/alebairos/Projects/mobile/chat_app/test/audio_recorder_button_style_test.dart                                                                                                 [  +96 ms] test 0: starting test /Users/alebairos/Projects/mobile/chat_app/test/audio_recorder_button_style_test.dart
[   +2 ms] Stopping scan for flutter_test_config.dart; found project root at /Users/alebairos/Projects/mobile/chat_app
[   +1 ms] Compiler will use the following file as its incremental dill file: /var/folders/f7/rqd14g9d2rv0v4rhwj55l7v40000gn/T/flutter_tools.vRPLSN/flutter_test_compiler.geivd7/output.dill
[        ] Listening to compiler controller...
[   +3 ms] Compiling file:///var/folders/f7/rqd14g9d2rv0v4rhwj55l7v40000gn/T/flutter_tools.vRPLSN/flutter_test_listener.BpnXLI/listener.dart
[  +17 ms] Found plugin audioplayers at /Users/alebairos/.pub-cache/hosted/pub.dev/audioplayers-5.2.1/
[        ] Found plugin audioplayers_android at /Users/alebairos/.pub-cache/hosted/pub.dev/audioplayers_android-4.0.3/
[        ] Found plugin audioplayers_darwin at /Users/alebairos/.pub-cache/hosted/pub.dev/audioplayers_darwin-5.0.2/
[        ] Found plugin audioplayers_linux at /Users/alebairos/.pub-cache/hosted/pub.dev/audioplayers_linux-3.1.0/
[        ] Found plugin audioplayers_web at /Users/alebairos/.pub-cache/hosted/pub.dev/audioplayers_web-4.1.0/
[        ] Found plugin audioplayers_windows at /Users/alebairos/.pub-cache/hosted/pub.dev/audioplayers_windows-3.1.0/
[   +8 ms] Found plugin isar_flutter_libs at /Users/alebairos/.pub-cache/hosted/pub.dev/isar_flutter_libs-3.1.0+1/
[   +5 ms] Found plugin path_provider at /Users/alebairos/.pub-cache/hosted/pub.dev/path_provider-2.1.5/
[        ] Found plugin path_provider_android at /Users/alebairos/.pub-cache/hosted/pub.dev/path_provider_android-2.2.15/
[        ] Found plugin path_provider_foundation at /Users/alebairos/.pub-cache/hosted/pub.dev/path_provider_foundation-2.4.1/
[        ] Found plugin path_provider_linux at /Users/alebairos/.pub-cache/hosted/pub.dev/path_provider_linux-2.2.1/
[        ] Found plugin path_provider_windows at /Users/alebairos/.pub-cache/hosted/pub.dev/path_provider_windows-2.3.0/
[   +1 ms] Found plugin record at /Users/alebairos/.pub-cache/hosted/pub.dev/record-4.4.4/
[        ] Found plugin record_linux at /Users/alebairos/.pub-cache/hosted/pub.dev/record_linux-0.4.1/
[        ] Found plugin record_macos at /Users/alebairos/.pub-cache/hosted/pub.dev/record_macos-0.2.2/
[        ] Found plugin record_web at /Users/alebairos/.pub-cache/hosted/pub.dev/record_web-0.5.0/
[        ] Found plugin record_windows at /Users/alebairos/.pub-cache/hosted/pub.dev/record_windows-0.7.1/
[   +8 ms] Found plugin integration_test at /opt/homebrew/Caskroom/flutter/3.27.2/flutter/packages/integration_test/
[   +5 ms] /opt/homebrew/Caskroom/flutter/3.27.2/flutter/bin/cache/dart-sdk/bin/dartaotruntime /opt/homebrew/Caskroom/flutter/3.27.2/flutter/bin/cache/dart-sdk/bin/snapshots/frontend_server_aot.dart.snapshot --sdk-root /opt/homebrew/Caskroom/flutter/3.27.2/flutter/bin/cache/artifacts/engine/common/flutter_patched_sdk/ --incremental --no-print-incremental-dependencies --target=flutter --experimental-emit-debug-metadata --output-dill /var/folders/f7/rqd14g9d2rv0v4rhwj55l7v40000gn/T/flutter_tools.vRPLSN/flutter_test_compiler.geivd7/output.dill --packages /Users/alebairos/Projects/mobile/chat_app/.dart_tool/package_config.json -Ddart.vm.profile=false -Ddart.vm.product=false --enable-asserts --track-widget-creation --initialize-from-dill /Users/alebairos/Projects/mobile/chat_app/build/test_cache/build/cache.dill.track.dill --verbosity=error
[  +14 ms] <- compile file:///var/folders/f7/rqd14g9d2rv0v4rhwj55l7v40000gn/T/flutter_tools.vRPLSN/flutter_test_listener.BpnXLI/listener.dart
[ +520 ms] <- accept
[        ] <- reset
[        ] Compiling file:///var/folders/f7/rqd14g9d2rv0v4rhwj55l7v40000gn/T/flutter_tools.vRPLSN/flutter_test_listener.BpnXLI/listener.dart took 589ms
[        ] test 0: starting test device
[   +1 ms] test 0: awaiting connection to test device
[        ] test 0: VM Service uri is not available
[   +1 ms] test 0: test harness socket server is running at port:58647
[        ] Using this directory for fonts configuration: /var/folders/f7/rqd14g9d2rv0v4rhwj55l7v40000gn/T/flutter_tools.vRPLSN/flutter_test_fonts.FCr4r7
[        ] test 0: Starting flutter_tester process with command=[/opt/homebrew/Caskroom/flutter/3.27.2/flutter/bin/cache/artifacts/engine/darwin-x64/flutter_tester, --disable-vm-service, --enable-checked-mode, --verify-entry-points, --enable-software-rendering, --skia-deterministic-rendering, --enable-dart-profiling, --non-interactive, --use-test-fonts, --disable-asset-fonts, --packages=/Users/alebairos/Projects/mobile/chat_app/.dart_tool/package_config.json, --flutter-assets-dir=/Users/alebairos/Projects/mobile/chat_app/build/unit_test_assets, /var/folders/f7/rqd14g9d2rv0v4rhwj55l7v40000gn/T/flutter_tools.vRPLSN/flutter_test_listener.BpnXLI/listener.dart.dill], environment={FLUTTER_TEST: true, FONTCONFIG_FILE: /var/folders/f7/rqd14g9d2rv0v4rhwj55l7v40000gn/T/flutter_tools.vRPLSN/flutter_test_fonts.FCr4r7/fonts.conf, SERVER_PORT: 58647, APP_NAME: character_ai_clone, UNIT_TEST_ASSETS: /Users/alebairos/Projects/mobile/chat_app/build/unit_test_assets}
[   +3 ms] test 0: Started flutter_tester process at pid 58858
[ +322 ms] test 0: connected to test device, now awaiting test result
[        ] test 0: Waiting for test harness or tests to finish
00:01 +0: loading /Users/alebairos/Projects/mobile/chat_app/test/audio_recorder_button_style_test.dart                                                                                                 00:01 +0: all buttons use circle shape                                                                                                                                                                 00:01 +1: all buttons use circle shape                                                                                                                                                                 [ +394 ms] test 0: Test harness is no longer needed by test process
[        ] test 0: finished
[        ] test 0: cleaning up...
[        ] test 0: ensuring test device is terminated.
[   +1 ms] test 0: Terminating flutter_tester process
[        ] test 0: Shutting down DevTools server
[        ] test 0: Test process is no longer needed by test harness
[        ] test 0: Shutting down test harness socket server
[   +7 ms] test 0: flutter_tester process at pid 58858 exited with code=-9
[        ] test 0: deleting temporary directory
[   +1 ms] test 0: finished
00:01 +1: All tests passed!                                                                                                                                                                            
[   +3 ms] Deleting /var/folders/f7/rqd14g9d2rv0v4rhwj55l7v40000gn/T/flutter_tools.vRPLSN/flutter_test_compiler.geivd7...
[        ] killing pid 58854
[   +8 ms] Deleting /var/folders/f7/rqd14g9d2rv0v4rhwj55l7v40000gn/T/flutter_tools.vRPLSN/flutter_test_fonts.FCr4r7...
[   +1 ms] test package returned with exit code 0
[        ] Runtime for phase TestRunner: Wall-clock: 0:00:01.450214; combined: 0:00:01.450230.
[        ] Runtime for phase Compile: Wall-clock: 0:00:00.589498; combined: 0:00:00.589514.
[        ] Runtime for phase Run: Wall-clock: 0:00:00.725343; combined: 0:00:00.725344.
[        ] Runtime for phase CoverageTotal: Wall-clock: 0:00:00.000000; combined: 0:00:00.000000.
[        ] Runtime for phase CoverageCollect: Wall-clock: 0:00:00.000000; combined: 0:00:00.000000.
[        ] Runtime for phase CoverageParseJson: Wall-clock: 0:00:00.000000; combined: 0:00:00.000000.
[        ] Runtime for phase CoverageAddHitmap: Wall-clock: 0:00:00.000000; combined: 0:00:00.000000.
[        ] Runtime for phase CoverageDataCollect: Wall-clock: 0:00:00.000000; combined: 0:00:00.000000.
[        ] Runtime for phase WatcherFinishedTest: Wall-clock: 0:00:00.000468; combined: 0:00:00.000469.
[   +3 ms] "flutter test" took 1,981ms.
[  +25 ms] Running 3 shutdown hooks
[   +1 ms] Shutdown hooks complete
[ +149 ms] exiting with code 0
\n-------------------------------------------\n
[  +16 ms] executing: sysctl hw.optional.arm64
[   +7 ms] Exit code 0 from: sysctl hw.optional.arm64
[        ] hw.optional.arm64: 1
[  +11 ms] executing: sw_vers -productName
[   +9 ms] Exit code 0 from: sw_vers -productName
[        ] macOS
[        ] executing: sw_vers -productVersion
[   +8 ms] Exit code 0 from: sw_vers -productVersion
[        ] 15.5
[        ] executing: sw_vers -buildVersion
[  +14 ms] Exit code 0 from: sw_vers -buildVersion
[        ] 24F74
[        ] executing: uname -m
[   +4 ms] Exit code 0 from: uname -m
[        ] arm64
[  +14 ms] Found 1 files which will be executed as Widget Tests.
[   +5 ms] Artifact Instance of 'AndroidGenSnapshotArtifacts' is not required, skipping update.
[        ] Artifact Instance of 'AndroidInternalBuildArtifacts' is not required, skipping update.
[        ] Artifact Instance of 'IOSEngineArtifacts' is not required, skipping update.
[        ] Artifact Instance of 'FlutterWebSdk' is not required, skipping update.
[        ] Artifact Instance of 'LegacyCanvasKitRemover' is not required, skipping update.
[  +17 ms] Artifact Instance of 'WindowsEngineArtifacts' is not required, skipping update.
[        ] Artifact Instance of 'MacOSEngineArtifacts' is not required, skipping update.
[        ] Artifact Instance of 'LinuxEngineArtifacts' is not required, skipping update.
[        ] Artifact Instance of 'LinuxFuchsiaSDKArtifacts' is not required, skipping update.
[        ] Artifact Instance of 'MacOSFuchsiaSDKArtifacts' is not required, skipping update.
[        ] Artifact Instance of 'FlutterRunnerSDKArtifacts' is not required, skipping update.
[        ] Artifact Instance of 'FlutterRunnerDebugSymbols' is not required, skipping update.
[  +22 ms] Artifact Instance of 'MaterialFonts' is not required, skipping update.
[        ] Artifact Instance of 'GradleWrapper' is not required, skipping update.
[        ] Artifact Instance of 'AndroidGenSnapshotArtifacts' is not required, skipping update.
[        ] Artifact Instance of 'AndroidInternalBuildArtifacts' is not required, skipping update.
[        ] Artifact Instance of 'IOSEngineArtifacts' is not required, skipping update.
[        ] Artifact Instance of 'FlutterWebSdk' is not required, skipping update.
[        ] Artifact Instance of 'LegacyCanvasKitRemover' is not required, skipping update.
[        ] Artifact Instance of 'FlutterSdk' is not required, skipping update.
[        ] Artifact Instance of 'WindowsEngineArtifacts' is not required, skipping update.
[        ] Artifact Instance of 'MacOSEngineArtifacts' is not required, skipping update.
[        ] Artifact Instance of 'LinuxEngineArtifacts' is not required, skipping update.
[        ] Artifact Instance of 'LinuxFuchsiaSDKArtifacts' is not required, skipping update.
[        ] Artifact Instance of 'MacOSFuchsiaSDKArtifacts' is not required, skipping update.
[        ] Artifact Instance of 'FlutterRunnerSDKArtifacts' is not required, skipping update.
[        ] Artifact Instance of 'FlutterRunnerDebugSymbols' is not required, skipping update.
[        ] Artifact Instance of 'IosUsbArtifacts' is not required, skipping update.
[        ] Artifact Instance of 'IosUsbArtifacts' is not required, skipping update.
[        ] Artifact Instance of 'IosUsbArtifacts' is not required, skipping update.
[        ] Artifact Instance of 'IosUsbArtifacts' is not required, skipping update.
[        ] Artifact Instance of 'IosUsbArtifacts' is not required, skipping update.
[        ] Artifact Instance of 'FontSubsetArtifacts' is not required, skipping update.
[        ] Artifact Instance of 'PubDependencies' is not required, skipping update.
[  +27 ms] Skipping pub get: version match.
[  +22 ms] Found plugin audioplayers at /Users/alebairos/.pub-cache/hosted/pub.dev/audioplayers-5.2.1/
[   +2 ms] Found plugin audioplayers_android at /Users/alebairos/.pub-cache/hosted/pub.dev/audioplayers_android-4.0.3/
[   +1 ms] Found plugin audioplayers_darwin at /Users/alebairos/.pub-cache/hosted/pub.dev/audioplayers_darwin-5.0.2/
[   +2 ms] Found plugin audioplayers_linux at /Users/alebairos/.pub-cache/hosted/pub.dev/audioplayers_linux-3.1.0/
[   +2 ms] Found plugin audioplayers_web at /Users/alebairos/.pub-cache/hosted/pub.dev/audioplayers_web-4.1.0/
[   +1 ms] Found plugin audioplayers_windows at /Users/alebairos/.pub-cache/hosted/pub.dev/audioplayers_windows-3.1.0/
[  +25 ms] Found plugin isar_flutter_libs at /Users/alebairos/.pub-cache/hosted/pub.dev/isar_flutter_libs-3.1.0+1/
[  +17 ms] Found plugin path_provider at /Users/alebairos/.pub-cache/hosted/pub.dev/path_provider-2.1.5/
[   +1 ms] Found plugin path_provider_android at /Users/alebairos/.pub-cache/hosted/pub.dev/path_provider_android-2.2.15/
[        ] Found plugin path_provider_foundation at /Users/alebairos/.pub-cache/hosted/pub.dev/path_provider_foundation-2.4.1/
[        ] Found plugin path_provider_linux at /Users/alebairos/.pub-cache/hosted/pub.dev/path_provider_linux-2.2.1/
[   +1 ms] Found plugin path_provider_windows at /Users/alebairos/.pub-cache/hosted/pub.dev/path_provider_windows-2.3.0/
[   +3 ms] Found plugin record at /Users/alebairos/.pub-cache/hosted/pub.dev/record-4.4.4/
[        ] Found plugin record_linux at /Users/alebairos/.pub-cache/hosted/pub.dev/record_linux-0.4.1/
[        ] Found plugin record_macos at /Users/alebairos/.pub-cache/hosted/pub.dev/record_macos-0.2.2/
[   +1 ms] Found plugin record_web at /Users/alebairos/.pub-cache/hosted/pub.dev/record_web-0.5.0/
[        ] Found plugin record_windows at /Users/alebairos/.pub-cache/hosted/pub.dev/record_windows-0.7.1/
[  +14 ms] Found plugin integration_test at /opt/homebrew/Caskroom/flutter/3.27.2/flutter/packages/integration_test/
[  +12 ms] Found plugin audioplayers at /Users/alebairos/.pub-cache/hosted/pub.dev/audioplayers-5.2.1/
[   +1 ms] Found plugin audioplayers_android at /Users/alebairos/.pub-cache/hosted/pub.dev/audioplayers_android-4.0.3/
[   +1 ms] Found plugin audioplayers_darwin at /Users/alebairos/.pub-cache/hosted/pub.dev/audioplayers_darwin-5.0.2/
[        ] Found plugin audioplayers_linux at /Users/alebairos/.pub-cache/hosted/pub.dev/audioplayers_linux-3.1.0/
[        ] Found plugin audioplayers_web at /Users/alebairos/.pub-cache/hosted/pub.dev/audioplayers_web-4.1.0/
[        ] Found plugin audioplayers_windows at /Users/alebairos/.pub-cache/hosted/pub.dev/audioplayers_windows-3.1.0/
[  +11 ms] Found plugin isar_flutter_libs at /Users/alebairos/.pub-cache/hosted/pub.dev/isar_flutter_libs-3.1.0+1/
[   +5 ms] Found plugin path_provider at /Users/alebairos/.pub-cache/hosted/pub.dev/path_provider-2.1.5/
[        ] Found plugin path_provider_android at /Users/alebairos/.pub-cache/hosted/pub.dev/path_provider_android-2.2.15/
[        ] Found plugin path_provider_foundation at /Users/alebairos/.pub-cache/hosted/pub.dev/path_provider_foundation-2.4.1/
[        ] Found plugin path_provider_linux at /Users/alebairos/.pub-cache/hosted/pub.dev/path_provider_linux-2.2.1/
[        ] Found plugin path_provider_windows at /Users/alebairos/.pub-cache/hosted/pub.dev/path_provider_windows-2.3.0/
[   +2 ms] Found plugin record at /Users/alebairos/.pub-cache/hosted/pub.dev/record-4.4.4/
[        ] Found plugin record_linux at /Users/alebairos/.pub-cache/hosted/pub.dev/record_linux-0.4.1/
[        ] Found plugin record_macos at /Users/alebairos/.pub-cache/hosted/pub.dev/record_macos-0.2.2/
[        ] Found plugin record_web at /Users/alebairos/.pub-cache/hosted/pub.dev/record_web-0.5.0/
[        ] Found plugin record_windows at /Users/alebairos/.pub-cache/hosted/pub.dev/record_windows-0.7.1/
[   +9 ms] Found plugin integration_test at /opt/homebrew/Caskroom/flutter/3.27.2/flutter/packages/integration_test/
[  +10 ms] Found plugin audioplayers at /Users/alebairos/.pub-cache/hosted/pub.dev/audioplayers-5.2.1/
[        ] Found plugin audioplayers_android at /Users/alebairos/.pub-cache/hosted/pub.dev/audioplayers_android-4.0.3/
[        ] Found plugin audioplayers_darwin at /Users/alebairos/.pub-cache/hosted/pub.dev/audioplayers_darwin-5.0.2/
[        ] Found plugin audioplayers_linux at /Users/alebairos/.pub-cache/hosted/pub.dev/audioplayers_linux-3.1.0/
[        ] Found plugin audioplayers_web at /Users/alebairos/.pub-cache/hosted/pub.dev/audioplayers_web-4.1.0/
[        ] Found plugin audioplayers_windows at /Users/alebairos/.pub-cache/hosted/pub.dev/audioplayers_windows-3.1.0/
[   +9 ms] Found plugin isar_flutter_libs at /Users/alebairos/.pub-cache/hosted/pub.dev/isar_flutter_libs-3.1.0+1/
[   +5 ms] Found plugin path_provider at /Users/alebairos/.pub-cache/hosted/pub.dev/path_provider-2.1.5/
[        ] Found plugin path_provider_android at /Users/alebairos/.pub-cache/hosted/pub.dev/path_provider_android-2.2.15/
[        ] Found plugin path_provider_foundation at /Users/alebairos/.pub-cache/hosted/pub.dev/path_provider_foundation-2.4.1/
[        ] Found plugin path_provider_linux at /Users/alebairos/.pub-cache/hosted/pub.dev/path_provider_linux-2.2.1/
[        ] Found plugin path_provider_windows at /Users/alebairos/.pub-cache/hosted/pub.dev/path_provider_windows-2.3.0/
[   +2 ms] Found plugin record at /Users/alebairos/.pub-cache/hosted/pub.dev/record-4.4.4/
[        ] Found plugin record_linux at /Users/alebairos/.pub-cache/hosted/pub.dev/record_linux-0.4.1/
[        ] Found plugin record_macos at /Users/alebairos/.pub-cache/hosted/pub.dev/record_macos-0.2.2/
[        ] Found plugin record_web at /Users/alebairos/.pub-cache/hosted/pub.dev/record_web-0.5.0/
[        ] Found plugin record_windows at /Users/alebairos/.pub-cache/hosted/pub.dev/record_windows-0.7.1/
[  +10 ms] Found plugin integration_test at /opt/homebrew/Caskroom/flutter/3.27.2/flutter/packages/integration_test/
[   +2 ms] Generating /Users/alebairos/Projects/mobile/chat_app/android/app/src/main/java/io/flutter/plugins/GeneratedPluginRegistrant.java
[  +17 ms] executing: sysctl hw.optional.arm64
[   +3 ms] Exit code 0 from: sysctl hw.optional.arm64
[        ] hw.optional.arm64: 1
[        ] executing: /usr/bin/arch -arm64e xcrun xcodebuild -version
[  +54 ms] Exit code 0 from: /usr/bin/arch -arm64e xcrun xcodebuild -version
[        ] Xcode 16.2
           Build version 16C5032a
[  +49 ms] No packages with native assets. Skipping native assets compilation.
[        ] Writing native assets json to file:///Users/alebairos/Projects/mobile/chat_app/build/native_assets/macos/native_assets.json.
[        ] Writing /Users/alebairos/Projects/mobile/chat_app/build/native_assets/macos/native_assets.json done.
[  +76 ms] Manifest contained wildcard assets. Inserting missing file into build graph to force rerun. for more information see #56466.
[   +9 ms] running test package with arguments: [--no-color, --chain-stack-traces, --, file:///Users/alebairos/Projects/mobile/chat_app/test/audio_recorder_delete_test.dart?]
00:00 +0: loading /Users/alebairos/Projects/mobile/chat_app/test/audio_recorder_delete_test.dart                                                                                                       [ +103 ms] test 0: starting test /Users/alebairos/Projects/mobile/chat_app/test/audio_recorder_delete_test.dart
[   +2 ms] Stopping scan for flutter_test_config.dart; found project root at /Users/alebairos/Projects/mobile/chat_app
[   +1 ms] Compiler will use the following file as its incremental dill file: /var/folders/f7/rqd14g9d2rv0v4rhwj55l7v40000gn/T/flutter_tools.tmz1RC/flutter_test_compiler.zhCSkU/output.dill
[        ] Listening to compiler controller...
[   +3 ms] Compiling file:///var/folders/f7/rqd14g9d2rv0v4rhwj55l7v40000gn/T/flutter_tools.tmz1RC/flutter_test_listener.V6rEyK/listener.dart
[   +7 ms] Found plugin audioplayers at /Users/alebairos/.pub-cache/hosted/pub.dev/audioplayers-5.2.1/
[        ] Found plugin audioplayers_android at /Users/alebairos/.pub-cache/hosted/pub.dev/audioplayers_android-4.0.3/
[        ] Found plugin audioplayers_darwin at /Users/alebairos/.pub-cache/hosted/pub.dev/audioplayers_darwin-5.0.2/
[        ] Found plugin audioplayers_linux at /Users/alebairos/.pub-cache/hosted/pub.dev/audioplayers_linux-3.1.0/
[        ] Found plugin audioplayers_web at /Users/alebairos/.pub-cache/hosted/pub.dev/audioplayers_web-4.1.0/
[   +3 ms] Found plugin audioplayers_windows at /Users/alebairos/.pub-cache/hosted/pub.dev/audioplayers_windows-3.1.0/
[   +9 ms] Found plugin isar_flutter_libs at /Users/alebairos/.pub-cache/hosted/pub.dev/isar_flutter_libs-3.1.0+1/
[   +6 ms] Found plugin path_provider at /Users/alebairos/.pub-cache/hosted/pub.dev/path_provider-2.1.5/
[        ] Found plugin path_provider_android at /Users/alebairos/.pub-cache/hosted/pub.dev/path_provider_android-2.2.15/
[        ] Found plugin path_provider_foundation at /Users/alebairos/.pub-cache/hosted/pub.dev/path_provider_foundation-2.4.1/
[        ] Found plugin path_provider_linux at /Users/alebairos/.pub-cache/hosted/pub.dev/path_provider_linux-2.2.1/
[        ] Found plugin path_provider_windows at /Users/alebairos/.pub-cache/hosted/pub.dev/path_provider_windows-2.3.0/
[   +1 ms] Found plugin record at /Users/alebairos/.pub-cache/hosted/pub.dev/record-4.4.4/
[        ] Found plugin record_linux at /Users/alebairos/.pub-cache/hosted/pub.dev/record_linux-0.4.1/
[        ] Found plugin record_macos at /Users/alebairos/.pub-cache/hosted/pub.dev/record_macos-0.2.2/
[        ] Found plugin record_web at /Users/alebairos/.pub-cache/hosted/pub.dev/record_web-0.5.0/
[        ] Found plugin record_windows at /Users/alebairos/.pub-cache/hosted/pub.dev/record_windows-0.7.1/
[   +8 ms] Found plugin integration_test at /opt/homebrew/Caskroom/flutter/3.27.2/flutter/packages/integration_test/
[   +4 ms] /opt/homebrew/Caskroom/flutter/3.27.2/flutter/bin/cache/dart-sdk/bin/dartaotruntime /opt/homebrew/Caskroom/flutter/3.27.2/flutter/bin/cache/dart-sdk/bin/snapshots/frontend_server_aot.dart.snapshot --sdk-root /opt/homebrew/Caskroom/flutter/3.27.2/flutter/bin/cache/artifacts/engine/common/flutter_patched_sdk/ --incremental --no-print-incremental-dependencies --target=flutter --experimental-emit-debug-metadata --output-dill /var/folders/f7/rqd14g9d2rv0v4rhwj55l7v40000gn/T/flutter_tools.tmz1RC/flutter_test_compiler.zhCSkU/output.dill --packages /Users/alebairos/Projects/mobile/chat_app/.dart_tool/package_config.json -Ddart.vm.profile=false -Ddart.vm.product=false --enable-asserts --track-widget-creation --initialize-from-dill /Users/alebairos/Projects/mobile/chat_app/build/test_cache/build/cache.dill.track.dill --verbosity=error
[   +7 ms] <- compile file:///var/folders/f7/rqd14g9d2rv0v4rhwj55l7v40000gn/T/flutter_tools.tmz1RC/flutter_test_listener.V6rEyK/listener.dart
[ +510 ms] <- accept
[        ] <- reset
[        ] Compiling file:///var/folders/f7/rqd14g9d2rv0v4rhwj55l7v40000gn/T/flutter_tools.tmz1RC/flutter_test_listener.V6rEyK/listener.dart took 564ms
[        ] test 0: starting test device
[   +1 ms] test 0: awaiting connection to test device
[        ] test 0: VM Service uri is not available
[   +1 ms] test 0: test harness socket server is running at port:58652
[        ] Using this directory for fonts configuration: /var/folders/f7/rqd14g9d2rv0v4rhwj55l7v40000gn/T/flutter_tools.tmz1RC/flutter_test_fonts.3fBp8e
[        ] test 0: Starting flutter_tester process with command=[/opt/homebrew/Caskroom/flutter/3.27.2/flutter/bin/cache/artifacts/engine/darwin-x64/flutter_tester, --disable-vm-service, --enable-checked-mode, --verify-entry-points, --enable-software-rendering, --skia-deterministic-rendering, --enable-dart-profiling, --non-interactive, --use-test-fonts, --disable-asset-fonts, --packages=/Users/alebairos/Projects/mobile/chat_app/.dart_tool/package_config.json, --flutter-assets-dir=/Users/alebairos/Projects/mobile/chat_app/build/unit_test_assets, /var/folders/f7/rqd14g9d2rv0v4rhwj55l7v40000gn/T/flutter_tools.tmz1RC/flutter_test_listener.V6rEyK/listener.dart.dill], environment={FLUTTER_TEST: true, FONTCONFIG_FILE: /var/folders/f7/rqd14g9d2rv0v4rhwj55l7v40000gn/T/flutter_tools.tmz1RC/flutter_test_fonts.3fBp8e/fonts.conf, SERVER_PORT: 58652, APP_NAME: character_ai_clone, UNIT_TEST_ASSETS: /Users/alebairos/Projects/mobile/chat_app/build/unit_test_assets}
[   +3 ms] test 0: Started flutter_tester process at pid 58952
[ +282 ms] test 0: connected to test device, now awaiting test result
[        ] test 0: Waiting for test harness or tests to finish
00:00 +0: AudioRecorder Delete Feature delete button is not visible initially                                                                                                                          00:01 +0: AudioRecorder Delete Feature delete button is not visible initially                                                                                                                          00:01 +1: AudioRecorder Delete Feature delete button is not visible initially                                                                                                                          00:01 +1: AudioRecorder Delete Feature delete button appears in correct order after recording                                                                                                          00:01 +2: AudioRecorder Delete Feature delete button appears in correct order after recording                                                                                                          00:01 +2: AudioRecorder Delete Feature delete button has correct style                                                                                                                                 00:01 +3: AudioRecorder Delete Feature delete button has correct style                                                                                                                                 00:01 +3: AudioRecorder Delete Feature tapping delete button resets to initial state                                                                                                                   00:01 +4: AudioRecorder Delete Feature tapping delete button resets to initial state                                                                                                                   00:01 +4: AudioRecorder Delete Feature send button is disabled while deleting                                                                                                                          00:01 +5: AudioRecorder Delete Feature send button is disabled while deleting                                                                                                                          00:01 +5: AudioRecorder Delete Feature send button has blue background and white icon                                                                                                                  00:01 +6: AudioRecorder Delete Feature send button has blue background and white icon                                                                                                                  00:01 +6: AudioRecorder Delete Feature play button toggles between play and stop icons                                                                                                                 00:01 +7: AudioRecorder Delete Feature play button toggles between play and stop icons                                                                                                                 00:01 +7: AudioRecorder Delete Feature play button maintains grey background while playing                                                                                                             00:01 +8: AudioRecorder Delete Feature play button maintains grey background while playing                                                                                                             00:01 +8: AudioRecorder Delete Feature play button is disabled while deleting                                                                                                                          00:01 +9: AudioRecorder Delete Feature play button is disabled while deleting                                                                                                                          00:01 +9: AudioRecorder Delete Feature container has consistent padding                                                                                                                                00:01 +10: AudioRecorder Delete Feature container has consistent padding                                                                                                                               00:01 +10: AudioRecorder Delete Feature row uses minimum required space                                                                                                                                00:01 +11: AudioRecorder Delete Feature row uses minimum required space                                                                                                                                00:01 +11: AudioRecorder Delete Feature all buttons use circle shape                                                                                                                                   00:01 +12: AudioRecorder Delete Feature all buttons use circle shape                                                                                                                                   00:01 +12: AudioRecorder Delete Feature mic button has grey background initially                                                                                                                       00:01 +13: AudioRecorder Delete Feature mic button has grey background initially                                                                                                                       00:01 +13: AudioRecorder Delete Feature stop button has red style while recording                                                                                                                      00:01 +14: AudioRecorder Delete Feature stop button has red style while recording                                                                                                                      00:01 +14: AudioRecorder Delete Feature send callback receives correct parameters                                                                                                                      00:01 +15: AudioRecorder Delete Feature send callback receives correct parameters                                                                                                                      00:01 +15: AudioRecorder Delete Feature send button clears recording state                                                                                                                             00:01 +16: AudioRecorder Delete Feature send button clears recording state                                                                                                                             00:01 +16: AudioRecorder Delete Feature play button is disabled during sending                                                                                                                         00:01 +17: AudioRecorder Delete Feature play button is disabled during sending                                                                                                                         00:01 +17: AudioRecorder Delete Feature delete button remains enabled during playback                                                                                                                  00:01 +18: AudioRecorder Delete Feature delete button remains enabled during playback                                                                                                                  00:01 +18: AudioRecorder Delete Feature send button remains enabled during playback                                                                                                                    00:01 +19: AudioRecorder Delete Feature send button remains enabled during playback                                                                                                                    00:01 +19: AudioRecorder Delete Feature play button stops when deleting during playback                                                                                                                00:01 +20: AudioRecorder Delete Feature play button stops when deleting during playback                                                                                                                00:01 +20: AudioRecorder Delete Feature play button can toggle while sending is pending                                                                                                                00:01 +21: AudioRecorder Delete Feature play button can toggle while sending is pending                                                                                                                00:01 +21: AudioRecorder Delete Feature stop button shows recording controls when tapped                                                                                                               00:01 +22: AudioRecorder Delete Feature stop button shows recording controls when tapped                                                                                                               00:01 +22: AudioRecorder Delete Feature stop button has red background and icon during recording                                                                                                       00:01 +23: AudioRecorder Delete Feature stop button has red background and icon during recording                                                                                                       00:01 +23: AudioRecorder Delete Feature mic button transitions to stop button when tapped                                                                                                              00:01 +24: AudioRecorder Delete Feature mic button transitions to stop button when tapped                                                                                                              [ +937 ms] test 0: Test harness is no longer needed by test process
[        ] test 0: finished
[        ] test 0: cleaning up...
[        ] test 0: ensuring test device is terminated.
[        ] test 0: Terminating flutter_tester process
[        ] test 0: Shutting down DevTools server
[        ] test 0: Test process is no longer needed by test harness
[        ] test 0: Shutting down test harness socket server
[   +6 ms] test 0: flutter_tester process at pid 58952 exited with code=-9
[        ] test 0: deleting temporary directory
[   +1 ms] test 0: finished
00:01 +24: All tests passed!                                                                                                                                                                           
[   +3 ms] Deleting /var/folders/f7/rqd14g9d2rv0v4rhwj55l7v40000gn/T/flutter_tools.tmz1RC/flutter_test_compiler.zhCSkU...
[   +1 ms] killing pid 58949
[  +10 ms] Deleting /var/folders/f7/rqd14g9d2rv0v4rhwj55l7v40000gn/T/flutter_tools.tmz1RC/flutter_test_fonts.3fBp8e...
[   +1 ms] test package returned with exit code 0
[        ] Runtime for phase TestRunner: Wall-clock: 0:00:01.933381; combined: 0:00:01.933400.
[        ] Runtime for phase Compile: Wall-clock: 0:00:00.564383; combined: 0:00:00.564399.
[        ] Runtime for phase Run: Wall-clock: 0:00:01.227608; combined: 0:00:01.227613.
[        ] Runtime for phase CoverageTotal: Wall-clock: 0:00:00.000000; combined: 0:00:00.000000.
[        ] Runtime for phase CoverageCollect: Wall-clock: 0:00:00.000000; combined: 0:00:00.000000.
[        ] Runtime for phase CoverageParseJson: Wall-clock: 0:00:00.000000; combined: 0:00:00.000000.
[        ] Runtime for phase CoverageAddHitmap: Wall-clock: 0:00:00.000000; combined: 0:00:00.000000.
[        ] Runtime for phase CoverageDataCollect: Wall-clock: 0:00:00.000000; combined: 0:00:00.000000.
[        ] Runtime for phase WatcherFinishedTest: Wall-clock: 0:00:00.000356; combined: 0:00:00.000357.
[   +4 ms] "flutter test" took 2,477ms.
[  +27 ms] Running 3 shutdown hooks
[   +1 ms] Shutdown hooks complete
[ +238 ms] exiting with code 0
\n-------------------------------------------\n
[  +13 ms] executing: sysctl hw.optional.arm64
[   +9 ms] Exit code 0 from: sysctl hw.optional.arm64
[        ] hw.optional.arm64: 1
[   +9 ms] executing: sw_vers -productName
[  +10 ms] Exit code 0 from: sw_vers -productName
[        ] macOS
[        ] executing: sw_vers -productVersion
[   +9 ms] Exit code 0 from: sw_vers -productVersion
[        ] 15.5
[        ] executing: sw_vers -buildVersion
[  +13 ms] Exit code 0 from: sw_vers -buildVersion
[        ] 24F74
[        ] executing: uname -m
[   +4 ms] Exit code 0 from: uname -m
[        ] arm64
[  +13 ms] Found 1 files which will be executed as Widget Tests.
[   +3 ms] Artifact Instance of 'AndroidGenSnapshotArtifacts' is not required, skipping update.
[        ] Artifact Instance of 'AndroidInternalBuildArtifacts' is not required, skipping update.
[        ] Artifact Instance of 'IOSEngineArtifacts' is not required, skipping update.
[        ] Artifact Instance of 'FlutterWebSdk' is not required, skipping update.
[        ] Artifact Instance of 'LegacyCanvasKitRemover' is not required, skipping update.
[   +3 ms] Artifact Instance of 'WindowsEngineArtifacts' is not required, skipping update.
[        ] Artifact Instance of 'MacOSEngineArtifacts' is not required, skipping update.
[        ] Artifact Instance of 'LinuxEngineArtifacts' is not required, skipping update.
[        ] Artifact Instance of 'LinuxFuchsiaSDKArtifacts' is not required, skipping update.
[        ] Artifact Instance of 'MacOSFuchsiaSDKArtifacts' is not required, skipping update.
[        ] Artifact Instance of 'FlutterRunnerSDKArtifacts' is not required, skipping update.
[        ] Artifact Instance of 'FlutterRunnerDebugSymbols' is not required, skipping update.
[  +25 ms] Artifact Instance of 'MaterialFonts' is not required, skipping update.
[        ] Artifact Instance of 'GradleWrapper' is not required, skipping update.
[        ] Artifact Instance of 'AndroidGenSnapshotArtifacts' is not required, skipping update.
[        ] Artifact Instance of 'AndroidInternalBuildArtifacts' is not required, skipping update.
[        ] Artifact Instance of 'IOSEngineArtifacts' is not required, skipping update.
[        ] Artifact Instance of 'FlutterWebSdk' is not required, skipping update.
[        ] Artifact Instance of 'LegacyCanvasKitRemover' is not required, skipping update.
[        ] Artifact Instance of 'FlutterSdk' is not required, skipping update.
[        ] Artifact Instance of 'WindowsEngineArtifacts' is not required, skipping update.
[        ] Artifact Instance of 'MacOSEngineArtifacts' is not required, skipping update.
[        ] Artifact Instance of 'LinuxEngineArtifacts' is not required, skipping update.
[        ] Artifact Instance of 'LinuxFuchsiaSDKArtifacts' is not required, skipping update.
[        ] Artifact Instance of 'MacOSFuchsiaSDKArtifacts' is not required, skipping update.
[        ] Artifact Instance of 'FlutterRunnerSDKArtifacts' is not required, skipping update.
[        ] Artifact Instance of 'FlutterRunnerDebugSymbols' is not required, skipping update.
[        ] Artifact Instance of 'IosUsbArtifacts' is not required, skipping update.
[        ] Artifact Instance of 'IosUsbArtifacts' is not required, skipping update.
[        ] Artifact Instance of 'IosUsbArtifacts' is not required, skipping update.
[        ] Artifact Instance of 'IosUsbArtifacts' is not required, skipping update.
[        ] Artifact Instance of 'IosUsbArtifacts' is not required, skipping update.
[        ] Artifact Instance of 'FontSubsetArtifacts' is not required, skipping update.
[        ] Artifact Instance of 'PubDependencies' is not required, skipping update.
[  +31 ms] Skipping pub get: version match.
[  +21 ms] Found plugin audioplayers at /Users/alebairos/.pub-cache/hosted/pub.dev/audioplayers-5.2.1/
[   +2 ms] Found plugin audioplayers_android at /Users/alebairos/.pub-cache/hosted/pub.dev/audioplayers_android-4.0.3/
[   +1 ms] Found plugin audioplayers_darwin at /Users/alebairos/.pub-cache/hosted/pub.dev/audioplayers_darwin-5.0.2/
[   +1 ms] Found plugin audioplayers_linux at /Users/alebairos/.pub-cache/hosted/pub.dev/audioplayers_linux-3.1.0/
[   +2 ms] Found plugin audioplayers_web at /Users/alebairos/.pub-cache/hosted/pub.dev/audioplayers_web-4.1.0/
[   +1 ms] Found plugin audioplayers_windows at /Users/alebairos/.pub-cache/hosted/pub.dev/audioplayers_windows-3.1.0/
[  +28 ms] Found plugin isar_flutter_libs at /Users/alebairos/.pub-cache/hosted/pub.dev/isar_flutter_libs-3.1.0+1/
[  +16 ms] Found plugin path_provider at /Users/alebairos/.pub-cache/hosted/pub.dev/path_provider-2.1.5/
[   +1 ms] Found plugin path_provider_android at /Users/alebairos/.pub-cache/hosted/pub.dev/path_provider_android-2.2.15/
[   +1 ms] Found plugin path_provider_foundation at /Users/alebairos/.pub-cache/hosted/pub.dev/path_provider_foundation-2.4.1/
[        ] Found plugin path_provider_linux at /Users/alebairos/.pub-cache/hosted/pub.dev/path_provider_linux-2.2.1/
[   +1 ms] Found plugin path_provider_windows at /Users/alebairos/.pub-cache/hosted/pub.dev/path_provider_windows-2.3.0/
[   +5 ms] Found plugin record at /Users/alebairos/.pub-cache/hosted/pub.dev/record-4.4.4/
[   +1 ms] Found plugin record_linux at /Users/alebairos/.pub-cache/hosted/pub.dev/record_linux-0.4.1/
[        ] Found plugin record_macos at /Users/alebairos/.pub-cache/hosted/pub.dev/record_macos-0.2.2/
[   +1 ms] Found plugin record_web at /Users/alebairos/.pub-cache/hosted/pub.dev/record_web-0.5.0/
[        ] Found plugin record_windows at /Users/alebairos/.pub-cache/hosted/pub.dev/record_windows-0.7.1/
[  +14 ms] Found plugin integration_test at /opt/homebrew/Caskroom/flutter/3.27.2/flutter/packages/integration_test/
[  +13 ms] Found plugin audioplayers at /Users/alebairos/.pub-cache/hosted/pub.dev/audioplayers-5.2.1/
[        ] Found plugin audioplayers_android at /Users/alebairos/.pub-cache/hosted/pub.dev/audioplayers_android-4.0.3/
[        ] Found plugin audioplayers_darwin at /Users/alebairos/.pub-cache/hosted/pub.dev/audioplayers_darwin-5.0.2/
[        ] Found plugin audioplayers_linux at /Users/alebairos/.pub-cache/hosted/pub.dev/audioplayers_linux-3.1.0/
[        ] Found plugin audioplayers_web at /Users/alebairos/.pub-cache/hosted/pub.dev/audioplayers_web-4.1.0/
[        ] Found plugin audioplayers_windows at /Users/alebairos/.pub-cache/hosted/pub.dev/audioplayers_windows-3.1.0/
[  +12 ms] Found plugin isar_flutter_libs at /Users/alebairos/.pub-cache/hosted/pub.dev/isar_flutter_libs-3.1.0+1/
[   +7 ms] Found plugin path_provider at /Users/alebairos/.pub-cache/hosted/pub.dev/path_provider-2.1.5/
[        ] Found plugin path_provider_android at /Users/alebairos/.pub-cache/hosted/pub.dev/path_provider_android-2.2.15/
[        ] Found plugin path_provider_foundation at /Users/alebairos/.pub-cache/hosted/pub.dev/path_provider_foundation-2.4.1/
[        ] Found plugin path_provider_linux at /Users/alebairos/.pub-cache/hosted/pub.dev/path_provider_linux-2.2.1/
[        ] Found plugin path_provider_windows at /Users/alebairos/.pub-cache/hosted/pub.dev/path_provider_windows-2.3.0/
[   +2 ms] Found plugin record at /Users/alebairos/.pub-cache/hosted/pub.dev/record-4.4.4/
[        ] Found plugin record_linux at /Users/alebairos/.pub-cache/hosted/pub.dev/record_linux-0.4.1/
[        ] Found plugin record_macos at /Users/alebairos/.pub-cache/hosted/pub.dev/record_macos-0.2.2/
[        ] Found plugin record_web at /Users/alebairos/.pub-cache/hosted/pub.dev/record_web-0.5.0/
[        ] Found plugin record_windows at /Users/alebairos/.pub-cache/hosted/pub.dev/record_windows-0.7.1/
[  +10 ms] Found plugin integration_test at /opt/homebrew/Caskroom/flutter/3.27.2/flutter/packages/integration_test/
[  +11 ms] Found plugin audioplayers at /Users/alebairos/.pub-cache/hosted/pub.dev/audioplayers-5.2.1/
[        ] Found plugin audioplayers_android at /Users/alebairos/.pub-cache/hosted/pub.dev/audioplayers_android-4.0.3/
[        ] Found plugin audioplayers_darwin at /Users/alebairos/.pub-cache/hosted/pub.dev/audioplayers_darwin-5.0.2/
[        ] Found plugin audioplayers_linux at /Users/alebairos/.pub-cache/hosted/pub.dev/audioplayers_linux-3.1.0/
[        ] Found plugin audioplayers_web at /Users/alebairos/.pub-cache/hosted/pub.dev/audioplayers_web-4.1.0/
[        ] Found plugin audioplayers_windows at /Users/alebairos/.pub-cache/hosted/pub.dev/audioplayers_windows-3.1.0/
[  +11 ms] Found plugin isar_flutter_libs at /Users/alebairos/.pub-cache/hosted/pub.dev/isar_flutter_libs-3.1.0+1/
[   +5 ms] Found plugin path_provider at /Users/alebairos/.pub-cache/hosted/pub.dev/path_provider-2.1.5/
[        ] Found plugin path_provider_android at /Users/alebairos/.pub-cache/hosted/pub.dev/path_provider_android-2.2.15/
[        ] Found plugin path_provider_foundation at /Users/alebairos/.pub-cache/hosted/pub.dev/path_provider_foundation-2.4.1/
[        ] Found plugin path_provider_linux at /Users/alebairos/.pub-cache/hosted/pub.dev/path_provider_linux-2.2.1/
[        ] Found plugin path_provider_windows at /Users/alebairos/.pub-cache/hosted/pub.dev/path_provider_windows-2.3.0/
[   +3 ms] Found plugin record at /Users/alebairos/.pub-cache/hosted/pub.dev/record-4.4.4/
[        ] Found plugin record_linux at /Users/alebairos/.pub-cache/hosted/pub.dev/record_linux-0.4.1/
[        ] Found plugin record_macos at /Users/alebairos/.pub-cache/hosted/pub.dev/record_macos-0.2.2/
[   +1 ms] Found plugin record_web at /Users/alebairos/.pub-cache/hosted/pub.dev/record_web-0.5.0/
[        ] Found plugin record_windows at /Users/alebairos/.pub-cache/hosted/pub.dev/record_windows-0.7.1/
[  +12 ms] Found plugin integration_test at /opt/homebrew/Caskroom/flutter/3.27.2/flutter/packages/integration_test/
[   +3 ms] Generating /Users/alebairos/Projects/mobile/chat_app/android/app/src/main/java/io/flutter/plugins/GeneratedPluginRegistrant.java
[  +18 ms] executing: sysctl hw.optional.arm64
[   +3 ms] Exit code 0 from: sysctl hw.optional.arm64
[        ] hw.optional.arm64: 1
[        ] executing: /usr/bin/arch -arm64e xcrun xcodebuild -version
[  +57 ms] Exit code 0 from: /usr/bin/arch -arm64e xcrun xcodebuild -version
[        ] Xcode 16.2
           Build version 16C5032a
[  +61 ms] No packages with native assets. Skipping native assets compilation.
[   +1 ms] Writing native assets json to file:///Users/alebairos/Projects/mobile/chat_app/build/native_assets/macos/native_assets.json.
[        ] Writing /Users/alebairos/Projects/mobile/chat_app/build/native_assets/macos/native_assets.json done.
[  +81 ms] Manifest contained wildcard assets. Inserting missing file into build graph to force rerun. for more information see #56466.
[   +9 ms] running test package with arguments: [--no-color, --chain-stack-traces, --, file:///Users/alebairos/Projects/mobile/chat_app/test/audio_recorder_error_handling_test.dart?]
00:00 +0: loading /Users/alebairos/Projects/mobile/chat_app/test/audio_recorder_error_handling_test.dart                                                                                               [ +107 ms] test 0: starting test /Users/alebairos/Projects/mobile/chat_app/test/audio_recorder_error_handling_test.dart
[   +2 ms] Stopping scan for flutter_test_config.dart; found project root at /Users/alebairos/Projects/mobile/chat_app
[   +1 ms] Compiler will use the following file as its incremental dill file: /var/folders/f7/rqd14g9d2rv0v4rhwj55l7v40000gn/T/flutter_tools.1HAerd/flutter_test_compiler.zPi4Or/output.dill
[        ] Listening to compiler controller...
[   +4 ms] Compiling file:///var/folders/f7/rqd14g9d2rv0v4rhwj55l7v40000gn/T/flutter_tools.1HAerd/flutter_test_listener.dAt3xN/listener.dart
[  +18 ms] Found plugin audioplayers at /Users/alebairos/.pub-cache/hosted/pub.dev/audioplayers-5.2.1/
[        ] Found plugin audioplayers_android at /Users/alebairos/.pub-cache/hosted/pub.dev/audioplayers_android-4.0.3/
[        ] Found plugin audioplayers_darwin at /Users/alebairos/.pub-cache/hosted/pub.dev/audioplayers_darwin-5.0.2/
[        ] Found plugin audioplayers_linux at /Users/alebairos/.pub-cache/hosted/pub.dev/audioplayers_linux-3.1.0/
[        ] Found plugin audioplayers_web at /Users/alebairos/.pub-cache/hosted/pub.dev/audioplayers_web-4.1.0/
[        ] Found plugin audioplayers_windows at /Users/alebairos/.pub-cache/hosted/pub.dev/audioplayers_windows-3.1.0/
[   +9 ms] Found plugin isar_flutter_libs at /Users/alebairos/.pub-cache/hosted/pub.dev/isar_flutter_libs-3.1.0+1/
[   +6 ms] Found plugin path_provider at /Users/alebairos/.pub-cache/hosted/pub.dev/path_provider-2.1.5/
[        ] Found plugin path_provider_android at /Users/alebairos/.pub-cache/hosted/pub.dev/path_provider_android-2.2.15/
[        ] Found plugin path_provider_foundation at /Users/alebairos/.pub-cache/hosted/pub.dev/path_provider_foundation-2.4.1/
[        ] Found plugin path_provider_linux at /Users/alebairos/.pub-cache/hosted/pub.dev/path_provider_linux-2.2.1/
[        ] Found plugin path_provider_windows at /Users/alebairos/.pub-cache/hosted/pub.dev/path_provider_windows-2.3.0/
[   +1 ms] Found plugin record at /Users/alebairos/.pub-cache/hosted/pub.dev/record-4.4.4/
[        ] Found plugin record_linux at /Users/alebairos/.pub-cache/hosted/pub.dev/record_linux-0.4.1/
[        ] Found plugin record_macos at /Users/alebairos/.pub-cache/hosted/pub.dev/record_macos-0.2.2/
[        ] Found plugin record_web at /Users/alebairos/.pub-cache/hosted/pub.dev/record_web-0.5.0/
[        ] Found plugin record_windows at /Users/alebairos/.pub-cache/hosted/pub.dev/record_windows-0.7.1/
[   +8 ms] Found plugin integration_test at /opt/homebrew/Caskroom/flutter/3.27.2/flutter/packages/integration_test/
[   +5 ms] /opt/homebrew/Caskroom/flutter/3.27.2/flutter/bin/cache/dart-sdk/bin/dartaotruntime /opt/homebrew/Caskroom/flutter/3.27.2/flutter/bin/cache/dart-sdk/bin/snapshots/frontend_server_aot.dart.snapshot --sdk-root /opt/homebrew/Caskroom/flutter/3.27.2/flutter/bin/cache/artifacts/engine/common/flutter_patched_sdk/ --incremental --no-print-incremental-dependencies --target=flutter --experimental-emit-debug-metadata --output-dill /var/folders/f7/rqd14g9d2rv0v4rhwj55l7v40000gn/T/flutter_tools.1HAerd/flutter_test_compiler.zPi4Or/output.dill --packages /Users/alebairos/Projects/mobile/chat_app/.dart_tool/package_config.json -Ddart.vm.profile=false -Ddart.vm.product=false --enable-asserts --track-widget-creation --initialize-from-dill /Users/alebairos/Projects/mobile/chat_app/build/test_cache/build/cache.dill.track.dill --verbosity=error
[   +6 ms] <- compile file:///var/folders/f7/rqd14g9d2rv0v4rhwj55l7v40000gn/T/flutter_tools.1HAerd/flutter_test_listener.dAt3xN/listener.dart
[ +645 ms] <- accept
[        ] <- reset
[        ] Compiling file:///var/folders/f7/rqd14g9d2rv0v4rhwj55l7v40000gn/T/flutter_tools.1HAerd/flutter_test_listener.dAt3xN/listener.dart took 707ms
[        ] test 0: starting test device
[   +1 ms] test 0: awaiting connection to test device
[        ] test 0: VM Service uri is not available
[   +1 ms] test 0: test harness socket server is running at port:58659
[        ] Using this directory for fonts configuration: /var/folders/f7/rqd14g9d2rv0v4rhwj55l7v40000gn/T/flutter_tools.1HAerd/flutter_test_fonts.cTCi9p
[        ] test 0: Starting flutter_tester process with command=[/opt/homebrew/Caskroom/flutter/3.27.2/flutter/bin/cache/artifacts/engine/darwin-x64/flutter_tester, --disable-vm-service, --enable-checked-mode, --verify-entry-points, --enable-software-rendering, --skia-deterministic-rendering, --enable-dart-profiling, --non-interactive, --use-test-fonts, --disable-asset-fonts, --packages=/Users/alebairos/Projects/mobile/chat_app/.dart_tool/package_config.json, --flutter-assets-dir=/Users/alebairos/Projects/mobile/chat_app/build/unit_test_assets, /var/folders/f7/rqd14g9d2rv0v4rhwj55l7v40000gn/T/flutter_tools.1HAerd/flutter_test_listener.dAt3xN/listener.dart.dill], environment={FLUTTER_TEST: true, FONTCONFIG_FILE: /var/folders/f7/rqd14g9d2rv0v4rhwj55l7v40000gn/T/flutter_tools.1HAerd/flutter_test_fonts.cTCi9p/fonts.conf, SERVER_PORT: 58659, APP_NAME: character_ai_clone, UNIT_TEST_ASSETS: /Users/alebairos/Projects/mobile/chat_app/build/unit_test_assets}
[   +4 ms] test 0: Started flutter_tester process at pid 59076
00:01 +0: loading /Users/alebairos/Projects/mobile/chat_app/test/audio_recorder_error_handling_test.dart                                                                                               [ +289 ms] test 0: connected to test device, now awaiting test result
[        ] test 0: Waiting for test harness or tests to finish
00:01 +0: error messages have consistent red background color                                                                                                                                          00:01 +1: error messages have consistent red background color                                                                                                                                          00:01 +1: error messages have consistent white text color                                                                                                                                              00:01 +2: error messages have consistent white text color                                                                                                                                              00:01 +2: error messages start with "Error:" prefix                                                                                                                                                    00:01 +3: error messages start with "Error:" prefix                                                                                                                                                    00:01 +3: error messages have consistent text size                                                                                                                                                     00:01 +4: error messages have consistent text size                                                                                                                                                     00:01 +4: error messages appear for consistent duration                                                                                                                                                00:01 +5: error messages appear for consistent duration                                                                                                                                                00:01 +5: error messages have consistent padding                                                                                                                                                       00:01 +6: error messages have consistent padding                                                                                                                                                       00:01 +6: error messages have consistent elevation                                                                                                                                                     00:01 +7: error messages have consistent elevation                                                                                                                                                     00:01 +7: error messages have consistent border radius                                                                                                                                                 00:01 +8: error messages have consistent border radius                                                                                                                                                 00:01 +8: error messages animate with consistent curve                                                                                                                                                 00:01 +9: error messages animate with consistent curve                                                                                                                                                 00:01 +9: error messages can be dismissed by horizontal swipe                                                                                                                                          00:01 +10: error messages can be dismissed by horizontal swipe                                                                                                                                         00:01 +10: error messages cannot be dismissed by vertical swipe                                                                                                                                        00:01 +11: error messages cannot be dismissed by vertical swipe                                                                                                                                        00:01 +11: error snackbar has consistent maximum width of 400.0                                                                                                                                        00:01 +12: error snackbar has consistent maximum width of 400.0                                                                                                                                        [ +900 ms] test 0: Test harness is no longer needed by test process
[        ] test 0: finished
[        ] test 0: cleaning up...
[        ] test 0: ensuring test device is terminated.
[        ] test 0: Terminating flutter_tester process
[        ] test 0: Shutting down DevTools server
[        ] test 0: Test process is no longer needed by test harness
[        ] test 0: Shutting down test harness socket server
[   +5 ms] test 0: flutter_tester process at pid 59076 exited with code=-9
[        ] test 0: deleting temporary directory
[   +1 ms] test 0: finished
00:01 +12: All tests passed!                                                                                                                                                                           
[   +3 ms] Deleting /var/folders/f7/rqd14g9d2rv0v4rhwj55l7v40000gn/T/flutter_tools.1HAerd/flutter_test_compiler.zPi4Or...
[   +1 ms] killing pid 59073
[  +11 ms] Deleting /var/folders/f7/rqd14g9d2rv0v4rhwj55l7v40000gn/T/flutter_tools.1HAerd/flutter_test_fonts.cTCi9p...
[   +1 ms] test package returned with exit code 0
[        ] Runtime for phase TestRunner: Wall-clock: 0:00:02.057216; combined: 0:00:02.057236.
[        ] Runtime for phase Compile: Wall-clock: 0:00:00.707369; combined: 0:00:00.707385.
[        ] Runtime for phase Run: Wall-clock: 0:00:01.198864; combined: 0:00:01.198866.
[        ] Runtime for phase CoverageTotal: Wall-clock: 0:00:00.000000; combined: 0:00:00.000000.
[        ] Runtime for phase CoverageCollect: Wall-clock: 0:00:00.000000; combined: 0:00:00.000000.
[        ] Runtime for phase CoverageParseJson: Wall-clock: 0:00:00.000000; combined: 0:00:00.000000.
[        ] Runtime for phase CoverageAddHitmap: Wall-clock: 0:00:00.000000; combined: 0:00:00.000000.
[        ] Runtime for phase CoverageDataCollect: Wall-clock: 0:00:00.000000; combined: 0:00:00.000000.
[        ] Runtime for phase WatcherFinishedTest: Wall-clock: 0:00:00.000339; combined: 0:00:00.000341.
[   +3 ms] "flutter test" took 2,624ms.
[  +16 ms] Running 3 shutdown hooks
[        ] Shutdown hooks complete
[ +142 ms] exiting with code 0
\n-------------------------------------------\n
[  +47 ms] executing: sysctl hw.optional.arm64
[  +22 ms] Exit code 0 from: sysctl hw.optional.arm64
[        ] hw.optional.arm64: 1
[  +27 ms] executing: sw_vers -productName
[  +44 ms] Exit code 0 from: sw_vers -productName
[  +42 ms] macOS
[   +8 ms] executing: sw_vers -productVersion
[  +37 ms] Exit code 0 from: sw_vers -productVersion
[        ] 15.5
[        ] executing: sw_vers -buildVersion
[  +12 ms] Exit code 0 from: sw_vers -buildVersion
[        ] 24F74
[        ] executing: uname -m
[   +4 ms] Exit code 0 from: uname -m
[        ] arm64
[  +15 ms] Found 1 files which will be executed as Widget Tests.
[   +3 ms] Artifact Instance of 'AndroidGenSnapshotArtifacts' is not required, skipping update.
[        ] Artifact Instance of 'AndroidInternalBuildArtifacts' is not required, skipping update.
[        ] Artifact Instance of 'IOSEngineArtifacts' is not required, skipping update.
[        ] Artifact Instance of 'FlutterWebSdk' is not required, skipping update.
[        ] Artifact Instance of 'LegacyCanvasKitRemover' is not required, skipping update.
[   +1 ms] Artifact Instance of 'WindowsEngineArtifacts' is not required, skipping update.
[        ] Artifact Instance of 'MacOSEngineArtifacts' is not required, skipping update.
[        ] Artifact Instance of 'LinuxEngineArtifacts' is not required, skipping update.
[        ] Artifact Instance of 'LinuxFuchsiaSDKArtifacts' is not required, skipping update.
[        ] Artifact Instance of 'MacOSFuchsiaSDKArtifacts' is not required, skipping update.
[        ] Artifact Instance of 'FlutterRunnerSDKArtifacts' is not required, skipping update.
[        ] Artifact Instance of 'FlutterRunnerDebugSymbols' is not required, skipping update.
[  +26 ms] Artifact Instance of 'MaterialFonts' is not required, skipping update.
[        ] Artifact Instance of 'GradleWrapper' is not required, skipping update.
[        ] Artifact Instance of 'AndroidGenSnapshotArtifacts' is not required, skipping update.
[        ] Artifact Instance of 'AndroidInternalBuildArtifacts' is not required, skipping update.
[        ] Artifact Instance of 'IOSEngineArtifacts' is not required, skipping update.
[        ] Artifact Instance of 'FlutterWebSdk' is not required, skipping update.
[        ] Artifact Instance of 'LegacyCanvasKitRemover' is not required, skipping update.
[        ] Artifact Instance of 'FlutterSdk' is not required, skipping update.
[        ] Artifact Instance of 'WindowsEngineArtifacts' is not required, skipping update.
[        ] Artifact Instance of 'MacOSEngineArtifacts' is not required, skipping update.
[        ] Artifact Instance of 'LinuxEngineArtifacts' is not required, skipping update.
[        ] Artifact Instance of 'LinuxFuchsiaSDKArtifacts' is not required, skipping update.
[        ] Artifact Instance of 'MacOSFuchsiaSDKArtifacts' is not required, skipping update.
[        ] Artifact Instance of 'FlutterRunnerSDKArtifacts' is not required, skipping update.
[        ] Artifact Instance of 'FlutterRunnerDebugSymbols' is not required, skipping update.
[        ] Artifact Instance of 'IosUsbArtifacts' is not required, skipping update.
[        ] Artifact Instance of 'IosUsbArtifacts' is not required, skipping update.
[        ] Artifact Instance of 'IosUsbArtifacts' is not required, skipping update.
[        ] Artifact Instance of 'IosUsbArtifacts' is not required, skipping update.
[        ] Artifact Instance of 'IosUsbArtifacts' is not required, skipping update.
[        ] Artifact Instance of 'FontSubsetArtifacts' is not required, skipping update.
[        ] Artifact Instance of 'PubDependencies' is not required, skipping update.
[  +39 ms] Skipping pub get: version match.
[  +29 ms] Found plugin audioplayers at /Users/alebairos/.pub-cache/hosted/pub.dev/audioplayers-5.2.1/
[   +2 ms] Found plugin audioplayers_android at /Users/alebairos/.pub-cache/hosted/pub.dev/audioplayers_android-4.0.3/
[   +1 ms] Found plugin audioplayers_darwin at /Users/alebairos/.pub-cache/hosted/pub.dev/audioplayers_darwin-5.0.2/
[   +1 ms] Found plugin audioplayers_linux at /Users/alebairos/.pub-cache/hosted/pub.dev/audioplayers_linux-3.1.0/
[   +2 ms] Found plugin audioplayers_web at /Users/alebairos/.pub-cache/hosted/pub.dev/audioplayers_web-4.1.0/
[   +1 ms] Found plugin audioplayers_windows at /Users/alebairos/.pub-cache/hosted/pub.dev/audioplayers_windows-3.1.0/
[  +26 ms] Found plugin isar_flutter_libs at /Users/alebairos/.pub-cache/hosted/pub.dev/isar_flutter_libs-3.1.0+1/
[  +16 ms] Found plugin path_provider at /Users/alebairos/.pub-cache/hosted/pub.dev/path_provider-2.1.5/
[   +1 ms] Found plugin path_provider_android at /Users/alebairos/.pub-cache/hosted/pub.dev/path_provider_android-2.2.15/
[        ] Found plugin path_provider_foundation at /Users/alebairos/.pub-cache/hosted/pub.dev/path_provider_foundation-2.4.1/
[        ] Found plugin path_provider_linux at /Users/alebairos/.pub-cache/hosted/pub.dev/path_provider_linux-2.2.1/
[   +1 ms] Found plugin path_provider_windows at /Users/alebairos/.pub-cache/hosted/pub.dev/path_provider_windows-2.3.0/
[   +4 ms] Found plugin record at /Users/alebairos/.pub-cache/hosted/pub.dev/record-4.4.4/
[        ] Found plugin record_linux at /Users/alebairos/.pub-cache/hosted/pub.dev/record_linux-0.4.1/
[        ] Found plugin record_macos at /Users/alebairos/.pub-cache/hosted/pub.dev/record_macos-0.2.2/
[        ] Found plugin record_web at /Users/alebairos/.pub-cache/hosted/pub.dev/record_web-0.5.0/
[        ] Found plugin record_windows at /Users/alebairos/.pub-cache/hosted/pub.dev/record_windows-0.7.1/
[  +13 ms] Found plugin integration_test at /opt/homebrew/Caskroom/flutter/3.27.2/flutter/packages/integration_test/
[  +11 ms] Found plugin audioplayers at /Users/alebairos/.pub-cache/hosted/pub.dev/audioplayers-5.2.1/
[   +1 ms] Found plugin audioplayers_android at /Users/alebairos/.pub-cache/hosted/pub.dev/audioplayers_android-4.0.3/
[        ] Found plugin audioplayers_darwin at /Users/alebairos/.pub-cache/hosted/pub.dev/audioplayers_darwin-5.0.2/
[        ] Found plugin audioplayers_linux at /Users/alebairos/.pub-cache/hosted/pub.dev/audioplayers_linux-3.1.0/
[        ] Found plugin audioplayers_web at /Users/alebairos/.pub-cache/hosted/pub.dev/audioplayers_web-4.1.0/
[        ] Found plugin audioplayers_windows at /Users/alebairos/.pub-cache/hosted/pub.dev/audioplayers_windows-3.1.0/
[  +10 ms] Found plugin isar_flutter_libs at /Users/alebairos/.pub-cache/hosted/pub.dev/isar_flutter_libs-3.1.0+1/
[   +5 ms] Found plugin path_provider at /Users/alebairos/.pub-cache/hosted/pub.dev/path_provider-2.1.5/
[        ] Found plugin path_provider_android at /Users/alebairos/.pub-cache/hosted/pub.dev/path_provider_android-2.2.15/
[        ] Found plugin path_provider_foundation at /Users/alebairos/.pub-cache/hosted/pub.dev/path_provider_foundation-2.4.1/
[        ] Found plugin path_provider_linux at /Users/alebairos/.pub-cache/hosted/pub.dev/path_provider_linux-2.2.1/
[        ] Found plugin path_provider_windows at /Users/alebairos/.pub-cache/hosted/pub.dev/path_provider_windows-2.3.0/
[   +2 ms] Found plugin record at /Users/alebairos/.pub-cache/hosted/pub.dev/record-4.4.4/
[        ] Found plugin record_linux at /Users/alebairos/.pub-cache/hosted/pub.dev/record_linux-0.4.1/
[        ] Found plugin record_macos at /Users/alebairos/.pub-cache/hosted/pub.dev/record_macos-0.2.2/
[        ] Found plugin record_web at /Users/alebairos/.pub-cache/hosted/pub.dev/record_web-0.5.0/
[        ] Found plugin record_windows at /Users/alebairos/.pub-cache/hosted/pub.dev/record_windows-0.7.1/
[   +9 ms] Found plugin integration_test at /opt/homebrew/Caskroom/flutter/3.27.2/flutter/packages/integration_test/
[   +9 ms] Found plugin audioplayers at /Users/alebairos/.pub-cache/hosted/pub.dev/audioplayers-5.2.1/
[        ] Found plugin audioplayers_android at /Users/alebairos/.pub-cache/hosted/pub.dev/audioplayers_android-4.0.3/
[        ] Found plugin audioplayers_darwin at /Users/alebairos/.pub-cache/hosted/pub.dev/audioplayers_darwin-5.0.2/
[        ] Found plugin audioplayers_linux at /Users/alebairos/.pub-cache/hosted/pub.dev/audioplayers_linux-3.1.0/
[        ] Found plugin audioplayers_web at /Users/alebairos/.pub-cache/hosted/pub.dev/audioplayers_web-4.1.0/
[        ] Found plugin audioplayers_windows at /Users/alebairos/.pub-cache/hosted/pub.dev/audioplayers_windows-3.1.0/
[   +9 ms] Found plugin isar_flutter_libs at /Users/alebairos/.pub-cache/hosted/pub.dev/isar_flutter_libs-3.1.0+1/
[   +5 ms] Found plugin path_provider at /Users/alebairos/.pub-cache/hosted/pub.dev/path_provider-2.1.5/
[        ] Found plugin path_provider_android at /Users/alebairos/.pub-cache/hosted/pub.dev/path_provider_android-2.2.15/
[        ] Found plugin path_provider_foundation at /Users/alebairos/.pub-cache/hosted/pub.dev/path_provider_foundation-2.4.1/
[        ] Found plugin path_provider_linux at /Users/alebairos/.pub-cache/hosted/pub.dev/path_provider_linux-2.2.1/
[        ] Found plugin path_provider_windows at /Users/alebairos/.pub-cache/hosted/pub.dev/path_provider_windows-2.3.0/
[   +1 ms] Found plugin record at /Users/alebairos/.pub-cache/hosted/pub.dev/record-4.4.4/
[   +1 ms] Found plugin record_linux at /Users/alebairos/.pub-cache/hosted/pub.dev/record_linux-0.4.1/
[        ] Found plugin record_macos at /Users/alebairos/.pub-cache/hosted/pub.dev/record_macos-0.2.2/
[        ] Found plugin record_web at /Users/alebairos/.pub-cache/hosted/pub.dev/record_web-0.5.0/
[        ] Found plugin record_windows at /Users/alebairos/.pub-cache/hosted/pub.dev/record_windows-0.7.1/
[  +10 ms] Found plugin integration_test at /opt/homebrew/Caskroom/flutter/3.27.2/flutter/packages/integration_test/
[   +2 ms] Generating /Users/alebairos/Projects/mobile/chat_app/android/app/src/main/java/io/flutter/plugins/GeneratedPluginRegistrant.java
[  +16 ms] executing: sysctl hw.optional.arm64
[   +4 ms] Exit code 0 from: sysctl hw.optional.arm64
[        ] hw.optional.arm64: 1
[        ] executing: /usr/bin/arch -arm64e xcrun xcodebuild -version
[  +54 ms] Exit code 0 from: /usr/bin/arch -arm64e xcrun xcodebuild -version
[        ] Xcode 16.2
           Build version 16C5032a
[  +69 ms] No packages with native assets. Skipping native assets compilation.
[   +1 ms] Writing native assets json to file:///Users/alebairos/Projects/mobile/chat_app/build/native_assets/macos/native_assets.json.
[        ] Writing /Users/alebairos/Projects/mobile/chat_app/build/native_assets/macos/native_assets.json done.
[ +109 ms] Manifest contained wildcard assets. Inserting missing file into build graph to force rerun. for more information see #56466.
[   +7 ms] running test package with arguments: [--no-color, --chain-stack-traces, --, file:///Users/alebairos/Projects/mobile/chat_app/test/audio_recorder_duration_test.dart?]
00:00 +0: loading /Users/alebairos/Projects/mobile/chat_app/test/audio_recorder_duration_test.dart                                                                                                     [ +110 ms] test 0: starting test /Users/alebairos/Projects/mobile/chat_app/test/audio_recorder_duration_test.dart
[   +2 ms] Stopping scan for flutter_test_config.dart; found project root at /Users/alebairos/Projects/mobile/chat_app
[   +1 ms] Compiler will use the following file as its incremental dill file: /var/folders/f7/rqd14g9d2rv0v4rhwj55l7v40000gn/T/flutter_tools.gcVBmh/flutter_test_compiler.UHYCWV/output.dill
[        ] Listening to compiler controller...
[   +3 ms] Compiling file:///var/folders/f7/rqd14g9d2rv0v4rhwj55l7v40000gn/T/flutter_tools.gcVBmh/flutter_test_listener.A51WAL/listener.dart
[  +25 ms] Found plugin audioplayers at /Users/alebairos/.pub-cache/hosted/pub.dev/audioplayers-5.2.1/
[        ] Found plugin audioplayers_android at /Users/alebairos/.pub-cache/hosted/pub.dev/audioplayers_android-4.0.3/
[        ] Found plugin audioplayers_darwin at /Users/alebairos/.pub-cache/hosted/pub.dev/audioplayers_darwin-5.0.2/
[        ] Found plugin audioplayers_linux at /Users/alebairos/.pub-cache/hosted/pub.dev/audioplayers_linux-3.1.0/
[        ] Found plugin audioplayers_web at /Users/alebairos/.pub-cache/hosted/pub.dev/audioplayers_web-4.1.0/
[        ] Found plugin audioplayers_windows at /Users/alebairos/.pub-cache/hosted/pub.dev/audioplayers_windows-3.1.0/
[   +7 ms] Found plugin isar_flutter_libs at /Users/alebairos/.pub-cache/hosted/pub.dev/isar_flutter_libs-3.1.0+1/
[   +5 ms] Found plugin path_provider at /Users/alebairos/.pub-cache/hosted/pub.dev/path_provider-2.1.5/
[        ] Found plugin path_provider_android at /Users/alebairos/.pub-cache/hosted/pub.dev/path_provider_android-2.2.15/
[        ] Found plugin path_provider_foundation at /Users/alebairos/.pub-cache/hosted/pub.dev/path_provider_foundation-2.4.1/
[        ] Found plugin path_provider_linux at /Users/alebairos/.pub-cache/hosted/pub.dev/path_provider_linux-2.2.1/
[        ] Found plugin path_provider_windows at /Users/alebairos/.pub-cache/hosted/pub.dev/path_provider_windows-2.3.0/
[   +1 ms] Found plugin record at /Users/alebairos/.pub-cache/hosted/pub.dev/record-4.4.4/
[        ] Found plugin record_linux at /Users/alebairos/.pub-cache/hosted/pub.dev/record_linux-0.4.1/
[        ] Found plugin record_macos at /Users/alebairos/.pub-cache/hosted/pub.dev/record_macos-0.2.2/
[        ] Found plugin record_web at /Users/alebairos/.pub-cache/hosted/pub.dev/record_web-0.5.0/
[        ] Found plugin record_windows at /Users/alebairos/.pub-cache/hosted/pub.dev/record_windows-0.7.1/
[   +8 ms] Found plugin integration_test at /opt/homebrew/Caskroom/flutter/3.27.2/flutter/packages/integration_test/
[   +4 ms] /opt/homebrew/Caskroom/flutter/3.27.2/flutter/bin/cache/dart-sdk/bin/dartaotruntime /opt/homebrew/Caskroom/flutter/3.27.2/flutter/bin/cache/dart-sdk/bin/snapshots/frontend_server_aot.dart.snapshot --sdk-root /opt/homebrew/Caskroom/flutter/3.27.2/flutter/bin/cache/artifacts/engine/common/flutter_patched_sdk/ --incremental --no-print-incremental-dependencies --target=flutter --experimental-emit-debug-metadata --output-dill /var/folders/f7/rqd14g9d2rv0v4rhwj55l7v40000gn/T/flutter_tools.gcVBmh/flutter_test_compiler.UHYCWV/output.dill --packages /Users/alebairos/Projects/mobile/chat_app/.dart_tool/package_config.json -Ddart.vm.profile=false -Ddart.vm.product=false --enable-asserts --track-widget-creation --initialize-from-dill /Users/alebairos/Projects/mobile/chat_app/build/test_cache/build/cache.dill.track.dill --verbosity=error
[   +8 ms] <- compile file:///var/folders/f7/rqd14g9d2rv0v4rhwj55l7v40000gn/T/flutter_tools.gcVBmh/flutter_test_listener.A51WAL/listener.dart
[ +531 ms] <- accept
[        ] <- reset
[        ] Compiling file:///var/folders/f7/rqd14g9d2rv0v4rhwj55l7v40000gn/T/flutter_tools.gcVBmh/flutter_test_listener.A51WAL/listener.dart took 597ms
[        ] test 0: starting test device
[   +1 ms] test 0: awaiting connection to test device
[        ] test 0: VM Service uri is not available
[   +1 ms] test 0: test harness socket server is running at port:58667
[        ] Using this directory for fonts configuration: /var/folders/f7/rqd14g9d2rv0v4rhwj55l7v40000gn/T/flutter_tools.gcVBmh/flutter_test_fonts.5tJVcj
[        ] test 0: Starting flutter_tester process with command=[/opt/homebrew/Caskroom/flutter/3.27.2/flutter/bin/cache/artifacts/engine/darwin-x64/flutter_tester, --disable-vm-service, --enable-checked-mode, --verify-entry-points, --enable-software-rendering, --skia-deterministic-rendering, --enable-dart-profiling, --non-interactive, --use-test-fonts, --disable-asset-fonts, --packages=/Users/alebairos/Projects/mobile/chat_app/.dart_tool/package_config.json, --flutter-assets-dir=/Users/alebairos/Projects/mobile/chat_app/build/unit_test_assets, /var/folders/f7/rqd14g9d2rv0v4rhwj55l7v40000gn/T/flutter_tools.gcVBmh/flutter_test_listener.A51WAL/listener.dart.dill], environment={FLUTTER_TEST: true, FONTCONFIG_FILE: /var/folders/f7/rqd14g9d2rv0v4rhwj55l7v40000gn/T/flutter_tools.gcVBmh/flutter_test_fonts.5tJVcj/fonts.conf, SERVER_PORT: 58667, APP_NAME: character_ai_clone, UNIT_TEST_ASSETS: /Users/alebairos/Projects/mobile/chat_app/build/unit_test_assets}
[   +4 ms] test 0: Started flutter_tester process at pid 59166
[ +301 ms] test 0: connected to test device, now awaiting test result
[        ] test 0: Waiting for test harness or tests to finish
00:01 +0: loading /Users/alebairos/Projects/mobile/chat_app/test/audio_recorder_duration_test.dart                                                                                                     00:01 +0: duration starts at zero                                                                                                                                                                      00:01 +1: duration starts at zero                                                                                                                                                                      00:01 +1: duration increases during recording                                                                                                                                                          00:01 +2: duration increases during recording                                                                                                                                                          00:01 +2: duration is passed to onSendAudio callback                                                                                                                                                   00:01 +3: duration is passed to onSendAudio callback                                                                                                                                                   00:01 +3: duration resets after sending audio                                                                                                                                                          00:01 +4: duration resets after sending audio                                                                                                                                                          00:01 +4: duration resets after deleting recording                                                                                                                                                     00:01 +5: duration resets after deleting recording                                                                                                                                                     [ +588 ms] test 0: Test harness is no longer needed by test process
[        ] test 0: finished
[        ] test 0: cleaning up...
[        ] test 0: ensuring test device is terminated.
[        ] test 0: Terminating flutter_tester process
[        ] test 0: Shutting down DevTools server
[        ] test 0: Test process is no longer needed by test harness
[        ] test 0: Shutting down test harness socket server
[   +5 ms] test 0: flutter_tester process at pid 59166 exited with code=-9
[        ] test 0: deleting temporary directory
[   +1 ms] test 0: finished
00:01 +5: All tests passed!                                                                                                                                                                            
[   +3 ms] Deleting /var/folders/f7/rqd14g9d2rv0v4rhwj55l7v40000gn/T/flutter_tools.gcVBmh/flutter_test_compiler.UHYCWV...
[   +1 ms] killing pid 59163
[   +8 ms] Deleting /var/folders/f7/rqd14g9d2rv0v4rhwj55l7v40000gn/T/flutter_tools.gcVBmh/flutter_test_fonts.5tJVcj...
[   +1 ms] test package returned with exit code 0
[        ] Runtime for phase TestRunner: Wall-clock: 0:00:01.644038; combined: 0:00:01.644056.
[        ] Runtime for phase Compile: Wall-clock: 0:00:00.597815; combined: 0:00:00.597839.
[        ] Runtime for phase Run: Wall-clock: 0:00:00.899539; combined: 0:00:00.899540.
[        ] Runtime for phase CoverageTotal: Wall-clock: 0:00:00.000000; combined: 0:00:00.000000.
[        ] Runtime for phase CoverageCollect: Wall-clock: 0:00:00.000000; combined: 0:00:00.000000.
[        ] Runtime for phase CoverageParseJson: Wall-clock: 0:00:00.000000; combined: 0:00:00.000000.
[        ] Runtime for phase CoverageAddHitmap: Wall-clock: 0:00:00.000000; combined: 0:00:00.000000.
[        ] Runtime for phase CoverageDataCollect: Wall-clock: 0:00:00.000000; combined: 0:00:00.000000.
[        ] Runtime for phase WatcherFinishedTest: Wall-clock: 0:00:00.000337; combined: 0:00:00.000338.
[   +3 ms] "flutter test" took 2,350ms.
[  +23 ms] Running 3 shutdown hooks
[   +1 ms] Shutdown hooks complete
[ +182 ms] exiting with code 0
\n-------------------------------------------\n
[  +12 ms] executing: sysctl hw.optional.arm64
[   +8 ms] Exit code 0 from: sysctl hw.optional.arm64
[        ] hw.optional.arm64: 1
[   +9 ms] executing: sw_vers -productName
[   +9 ms] Exit code 0 from: sw_vers -productName
[        ] macOS
[        ] executing: sw_vers -productVersion
[   +9 ms] Exit code 0 from: sw_vers -productVersion
[        ] 15.5
[        ] executing: sw_vers -buildVersion
[  +11 ms] Exit code 0 from: sw_vers -buildVersion
[        ] 24F74
[        ] executing: uname -m
[   +5 ms] Exit code 0 from: uname -m
[        ] arm64
[  +11 ms] Found 1 files which will be executed as Widget Tests.
[   +3 ms] Artifact Instance of 'AndroidGenSnapshotArtifacts' is not required, skipping update.
[        ] Artifact Instance of 'AndroidInternalBuildArtifacts' is not required, skipping update.
[        ] Artifact Instance of 'IOSEngineArtifacts' is not required, skipping update.
[        ] Artifact Instance of 'FlutterWebSdk' is not required, skipping update.
[        ] Artifact Instance of 'LegacyCanvasKitRemover' is not required, skipping update.
[   +2 ms] Artifact Instance of 'WindowsEngineArtifacts' is not required, skipping update.
[        ] Artifact Instance of 'MacOSEngineArtifacts' is not required, skipping update.
[        ] Artifact Instance of 'LinuxEngineArtifacts' is not required, skipping update.
[        ] Artifact Instance of 'LinuxFuchsiaSDKArtifacts' is not required, skipping update.
[        ] Artifact Instance of 'MacOSFuchsiaSDKArtifacts' is not required, skipping update.
[        ] Artifact Instance of 'FlutterRunnerSDKArtifacts' is not required, skipping update.
[        ] Artifact Instance of 'FlutterRunnerDebugSymbols' is not required, skipping update.
[  +23 ms] Artifact Instance of 'MaterialFonts' is not required, skipping update.
[        ] Artifact Instance of 'GradleWrapper' is not required, skipping update.
[        ] Artifact Instance of 'AndroidGenSnapshotArtifacts' is not required, skipping update.
[        ] Artifact Instance of 'AndroidInternalBuildArtifacts' is not required, skipping update.
[        ] Artifact Instance of 'IOSEngineArtifacts' is not required, skipping update.
[        ] Artifact Instance of 'FlutterWebSdk' is not required, skipping update.
[        ] Artifact Instance of 'LegacyCanvasKitRemover' is not required, skipping update.
[        ] Artifact Instance of 'FlutterSdk' is not required, skipping update.
[        ] Artifact Instance of 'WindowsEngineArtifacts' is not required, skipping update.
[        ] Artifact Instance of 'MacOSEngineArtifacts' is not required, skipping update.
[        ] Artifact Instance of 'LinuxEngineArtifacts' is not required, skipping update.
[        ] Artifact Instance of 'LinuxFuchsiaSDKArtifacts' is not required, skipping update.
[        ] Artifact Instance of 'MacOSFuchsiaSDKArtifacts' is not required, skipping update.
[        ] Artifact Instance of 'FlutterRunnerSDKArtifacts' is not required, skipping update.
[        ] Artifact Instance of 'FlutterRunnerDebugSymbols' is not required, skipping update.
[        ] Artifact Instance of 'IosUsbArtifacts' is not required, skipping update.
[        ] Artifact Instance of 'IosUsbArtifacts' is not required, skipping update.
[        ] Artifact Instance of 'IosUsbArtifacts' is not required, skipping update.
[        ] Artifact Instance of 'IosUsbArtifacts' is not required, skipping update.
[        ] Artifact Instance of 'IosUsbArtifacts' is not required, skipping update.
[        ] Artifact Instance of 'FontSubsetArtifacts' is not required, skipping update.
[        ] Artifact Instance of 'PubDependencies' is not required, skipping update.
[  +29 ms] Skipping pub get: version match.
[  +18 ms] Found plugin audioplayers at /Users/alebairos/.pub-cache/hosted/pub.dev/audioplayers-5.2.1/
[   +2 ms] Found plugin audioplayers_android at /Users/alebairos/.pub-cache/hosted/pub.dev/audioplayers_android-4.0.3/
[   +1 ms] Found plugin audioplayers_darwin at /Users/alebairos/.pub-cache/hosted/pub.dev/audioplayers_darwin-5.0.2/
[   +2 ms] Found plugin audioplayers_linux at /Users/alebairos/.pub-cache/hosted/pub.dev/audioplayers_linux-3.1.0/
[   +2 ms] Found plugin audioplayers_web at /Users/alebairos/.pub-cache/hosted/pub.dev/audioplayers_web-4.1.0/
[   +1 ms] Found plugin audioplayers_windows at /Users/alebairos/.pub-cache/hosted/pub.dev/audioplayers_windows-3.1.0/
[  +26 ms] Found plugin isar_flutter_libs at /Users/alebairos/.pub-cache/hosted/pub.dev/isar_flutter_libs-3.1.0+1/
[  +12 ms] Found plugin path_provider at /Users/alebairos/.pub-cache/hosted/pub.dev/path_provider-2.1.5/
[        ] Found plugin path_provider_android at /Users/alebairos/.pub-cache/hosted/pub.dev/path_provider_android-2.2.15/
[        ] Found plugin path_provider_foundation at /Users/alebairos/.pub-cache/hosted/pub.dev/path_provider_foundation-2.4.1/
[        ] Found plugin path_provider_linux at /Users/alebairos/.pub-cache/hosted/pub.dev/path_provider_linux-2.2.1/
[   +1 ms] Found plugin path_provider_windows at /Users/alebairos/.pub-cache/hosted/pub.dev/path_provider_windows-2.3.0/
[   +3 ms] Found plugin record at /Users/alebairos/.pub-cache/hosted/pub.dev/record-4.4.4/
[        ] Found plugin record_linux at /Users/alebairos/.pub-cache/hosted/pub.dev/record_linux-0.4.1/
[        ] Found plugin record_macos at /Users/alebairos/.pub-cache/hosted/pub.dev/record_macos-0.2.2/
[   +1 ms] Found plugin record_web at /Users/alebairos/.pub-cache/hosted/pub.dev/record_web-0.5.0/
[        ] Found plugin record_windows at /Users/alebairos/.pub-cache/hosted/pub.dev/record_windows-0.7.1/
[  +13 ms] Found plugin integration_test at /opt/homebrew/Caskroom/flutter/3.27.2/flutter/packages/integration_test/
[  +11 ms] Found plugin audioplayers at /Users/alebairos/.pub-cache/hosted/pub.dev/audioplayers-5.2.1/
[        ] Found plugin audioplayers_android at /Users/alebairos/.pub-cache/hosted/pub.dev/audioplayers_android-4.0.3/
[        ] Found plugin audioplayers_darwin at /Users/alebairos/.pub-cache/hosted/pub.dev/audioplayers_darwin-5.0.2/
[        ] Found plugin audioplayers_linux at /Users/alebairos/.pub-cache/hosted/pub.dev/audioplayers_linux-3.1.0/
[   +1 ms] Found plugin audioplayers_web at /Users/alebairos/.pub-cache/hosted/pub.dev/audioplayers_web-4.1.0/
[        ] Found plugin audioplayers_windows at /Users/alebairos/.pub-cache/hosted/pub.dev/audioplayers_windows-3.1.0/
[  +11 ms] Found plugin isar_flutter_libs at /Users/alebairos/.pub-cache/hosted/pub.dev/isar_flutter_libs-3.1.0+1/
[   +5 ms] Found plugin path_provider at /Users/alebairos/.pub-cache/hosted/pub.dev/path_provider-2.1.5/
[        ] Found plugin path_provider_android at /Users/alebairos/.pub-cache/hosted/pub.dev/path_provider_android-2.2.15/
[        ] Found plugin path_provider_foundation at /Users/alebairos/.pub-cache/hosted/pub.dev/path_provider_foundation-2.4.1/
[        ] Found plugin path_provider_linux at /Users/alebairos/.pub-cache/hosted/pub.dev/path_provider_linux-2.2.1/
[        ] Found plugin path_provider_windows at /Users/alebairos/.pub-cache/hosted/pub.dev/path_provider_windows-2.3.0/
[   +2 ms] Found plugin record at /Users/alebairos/.pub-cache/hosted/pub.dev/record-4.4.4/
[        ] Found plugin record_linux at /Users/alebairos/.pub-cache/hosted/pub.dev/record_linux-0.4.1/
[        ] Found plugin record_macos at /Users/alebairos/.pub-cache/hosted/pub.dev/record_macos-0.2.2/
[        ] Found plugin record_web at /Users/alebairos/.pub-cache/hosted/pub.dev/record_web-0.5.0/
[        ] Found plugin record_windows at /Users/alebairos/.pub-cache/hosted/pub.dev/record_windows-0.7.1/
[   +9 ms] Found plugin integration_test at /opt/homebrew/Caskroom/flutter/3.27.2/flutter/packages/integration_test/
[  +10 ms] Found plugin audioplayers at /Users/alebairos/.pub-cache/hosted/pub.dev/audioplayers-5.2.1/
[        ] Found plugin audioplayers_android at /Users/alebairos/.pub-cache/hosted/pub.dev/audioplayers_android-4.0.3/
[        ] Found plugin audioplayers_darwin at /Users/alebairos/.pub-cache/hosted/pub.dev/audioplayers_darwin-5.0.2/
[        ] Found plugin audioplayers_linux at /Users/alebairos/.pub-cache/hosted/pub.dev/audioplayers_linux-3.1.0/
[        ] Found plugin audioplayers_web at /Users/alebairos/.pub-cache/hosted/pub.dev/audioplayers_web-4.1.0/
[        ] Found plugin audioplayers_windows at /Users/alebairos/.pub-cache/hosted/pub.dev/audioplayers_windows-3.1.0/
[  +10 ms] Found plugin isar_flutter_libs at /Users/alebairos/.pub-cache/hosted/pub.dev/isar_flutter_libs-3.1.0+1/
[   +4 ms] Found plugin path_provider at /Users/alebairos/.pub-cache/hosted/pub.dev/path_provider-2.1.5/
[        ] Found plugin path_provider_android at /Users/alebairos/.pub-cache/hosted/pub.dev/path_provider_android-2.2.15/
[        ] Found plugin path_provider_foundation at /Users/alebairos/.pub-cache/hosted/pub.dev/path_provider_foundation-2.4.1/
[        ] Found plugin path_provider_linux at /Users/alebairos/.pub-cache/hosted/pub.dev/path_provider_linux-2.2.1/
[        ] Found plugin path_provider_windows at /Users/alebairos/.pub-cache/hosted/pub.dev/path_provider_windows-2.3.0/
[   +2 ms] Found plugin record at /Users/alebairos/.pub-cache/hosted/pub.dev/record-4.4.4/
[        ] Found plugin record_linux at /Users/alebairos/.pub-cache/hosted/pub.dev/record_linux-0.4.1/
[        ] Found plugin record_macos at /Users/alebairos/.pub-cache/hosted/pub.dev/record_macos-0.2.2/
[        ] Found plugin record_web at /Users/alebairos/.pub-cache/hosted/pub.dev/record_web-0.5.0/
[        ] Found plugin record_windows at /Users/alebairos/.pub-cache/hosted/pub.dev/record_windows-0.7.1/
[  +10 ms] Found plugin integration_test at /opt/homebrew/Caskroom/flutter/3.27.2/flutter/packages/integration_test/
[   +2 ms] Generating /Users/alebairos/Projects/mobile/chat_app/android/app/src/main/java/io/flutter/plugins/GeneratedPluginRegistrant.java
[  +15 ms] executing: sysctl hw.optional.arm64
[   +3 ms] Exit code 0 from: sysctl hw.optional.arm64
[        ] hw.optional.arm64: 1
[        ] executing: /usr/bin/arch -arm64e xcrun xcodebuild -version
[  +52 ms] Exit code 0 from: /usr/bin/arch -arm64e xcrun xcodebuild -version
[        ] Xcode 16.2
           Build version 16C5032a
[  +56 ms] No packages with native assets. Skipping native assets compilation.
[   +1 ms] Writing native assets json to file:///Users/alebairos/Projects/mobile/chat_app/build/native_assets/macos/native_assets.json.
[        ] Writing /Users/alebairos/Projects/mobile/chat_app/build/native_assets/macos/native_assets.json done.
[  +88 ms] Manifest contained wildcard assets. Inserting missing file into build graph to force rerun. for more information see #56466.
[   +6 ms] running test package with arguments: [--no-color, --chain-stack-traces, --, file:///Users/alebairos/Projects/mobile/chat_app/test/audio_recorder_accessibility_test.dart?]
00:00 +0: loading /Users/alebairos/Projects/mobile/chat_app/test/audio_recorder_accessibility_test.dart                                                                                                [ +106 ms] test 0: starting test /Users/alebairos/Projects/mobile/chat_app/test/audio_recorder_accessibility_test.dart
[   +2 ms] Stopping scan for flutter_test_config.dart; found project root at /Users/alebairos/Projects/mobile/chat_app
[   +1 ms] Compiler will use the following file as its incremental dill file: /var/folders/f7/rqd14g9d2rv0v4rhwj55l7v40000gn/T/flutter_tools.Fe4eaP/flutter_test_compiler.rjhEnh/output.dill
[        ] Listening to compiler controller...
[   +4 ms] Compiling file:///var/folders/f7/rqd14g9d2rv0v4rhwj55l7v40000gn/T/flutter_tools.Fe4eaP/flutter_test_listener.BIOhwQ/listener.dart
[  +22 ms] Found plugin audioplayers at /Users/alebairos/.pub-cache/hosted/pub.dev/audioplayers-5.2.1/
[        ] Found plugin audioplayers_android at /Users/alebairos/.pub-cache/hosted/pub.dev/audioplayers_android-4.0.3/
[        ] Found plugin audioplayers_darwin at /Users/alebairos/.pub-cache/hosted/pub.dev/audioplayers_darwin-5.0.2/
[        ] Found plugin audioplayers_linux at /Users/alebairos/.pub-cache/hosted/pub.dev/audioplayers_linux-3.1.0/
[        ] Found plugin audioplayers_web at /Users/alebairos/.pub-cache/hosted/pub.dev/audioplayers_web-4.1.0/
[        ] Found plugin audioplayers_windows at /Users/alebairos/.pub-cache/hosted/pub.dev/audioplayers_windows-3.1.0/
[   +9 ms] Found plugin isar_flutter_libs at /Users/alebairos/.pub-cache/hosted/pub.dev/isar_flutter_libs-3.1.0+1/
[   +5 ms] Found plugin path_provider at /Users/alebairos/.pub-cache/hosted/pub.dev/path_provider-2.1.5/
[        ] Found plugin path_provider_android at /Users/alebairos/.pub-cache/hosted/pub.dev/path_provider_android-2.2.15/
[        ] Found plugin path_provider_foundation at /Users/alebairos/.pub-cache/hosted/pub.dev/path_provider_foundation-2.4.1/
[        ] Found plugin path_provider_linux at /Users/alebairos/.pub-cache/hosted/pub.dev/path_provider_linux-2.2.1/
[        ] Found plugin path_provider_windows at /Users/alebairos/.pub-cache/hosted/pub.dev/path_provider_windows-2.3.0/
[   +1 ms] Found plugin record at /Users/alebairos/.pub-cache/hosted/pub.dev/record-4.4.4/
[        ] Found plugin record_linux at /Users/alebairos/.pub-cache/hosted/pub.dev/record_linux-0.4.1/
[        ] Found plugin record_macos at /Users/alebairos/.pub-cache/hosted/pub.dev/record_macos-0.2.2/
[        ] Found plugin record_web at /Users/alebairos/.pub-cache/hosted/pub.dev/record_web-0.5.0/
[        ] Found plugin record_windows at /Users/alebairos/.pub-cache/hosted/pub.dev/record_windows-0.7.1/
[   +8 ms] Found plugin integration_test at /opt/homebrew/Caskroom/flutter/3.27.2/flutter/packages/integration_test/
[   +4 ms] /opt/homebrew/Caskroom/flutter/3.27.2/flutter/bin/cache/dart-sdk/bin/dartaotruntime /opt/homebrew/Caskroom/flutter/3.27.2/flutter/bin/cache/dart-sdk/bin/snapshots/frontend_server_aot.dart.snapshot --sdk-root /opt/homebrew/Caskroom/flutter/3.27.2/flutter/bin/cache/artifacts/engine/common/flutter_patched_sdk/ --incremental --no-print-incremental-dependencies --target=flutter --experimental-emit-debug-metadata --output-dill /var/folders/f7/rqd14g9d2rv0v4rhwj55l7v40000gn/T/flutter_tools.Fe4eaP/flutter_test_compiler.rjhEnh/output.dill --packages /Users/alebairos/Projects/mobile/chat_app/.dart_tool/package_config.json -Ddart.vm.profile=false -Ddart.vm.product=false --enable-asserts --track-widget-creation --initialize-from-dill /Users/alebairos/Projects/mobile/chat_app/build/test_cache/build/cache.dill.track.dill --verbosity=error
[  +10 ms] <- compile file:///var/folders/f7/rqd14g9d2rv0v4rhwj55l7v40000gn/T/flutter_tools.Fe4eaP/flutter_test_listener.BIOhwQ/listener.dart
[ +482 ms] <- accept
[        ] <- reset
[        ] Compiling file:///var/folders/f7/rqd14g9d2rv0v4rhwj55l7v40000gn/T/flutter_tools.Fe4eaP/flutter_test_listener.BIOhwQ/listener.dart took 551ms
[        ] test 0: starting test device
[   +1 ms] test 0: awaiting connection to test device
[        ] test 0: VM Service uri is not available
[   +1 ms] test 0: test harness socket server is running at port:58673
[        ] Using this directory for fonts configuration: /var/folders/f7/rqd14g9d2rv0v4rhwj55l7v40000gn/T/flutter_tools.Fe4eaP/flutter_test_fonts.mlo1wz
[   +1 ms] test 0: Starting flutter_tester process with command=[/opt/homebrew/Caskroom/flutter/3.27.2/flutter/bin/cache/artifacts/engine/darwin-x64/flutter_tester, --disable-vm-service, --enable-checked-mode, --verify-entry-points, --enable-software-rendering, --skia-deterministic-rendering, --enable-dart-profiling, --non-interactive, --use-test-fonts, --disable-asset-fonts, --packages=/Users/alebairos/Projects/mobile/chat_app/.dart_tool/package_config.json, --flutter-assets-dir=/Users/alebairos/Projects/mobile/chat_app/build/unit_test_assets, /var/folders/f7/rqd14g9d2rv0v4rhwj55l7v40000gn/T/flutter_tools.Fe4eaP/flutter_test_listener.BIOhwQ/listener.dart.dill], environment={FLUTTER_TEST: true, FONTCONFIG_FILE: /var/folders/f7/rqd14g9d2rv0v4rhwj55l7v40000gn/T/flutter_tools.Fe4eaP/flutter_test_fonts.mlo1wz/fonts.conf, SERVER_PORT: 58673, APP_NAME: character_ai_clone, UNIT_TEST_ASSETS: /Users/alebairos/Projects/mobile/chat_app/build/unit_test_assets}
[   +5 ms] test 0: Started flutter_tester process at pid 59286
[ +318 ms] test 0: connected to test device, now awaiting test result
[        ] test 0: Waiting for test harness or tests to finish
00:00 +0: AudioRecorder Accessibility Tests mic button has appropriate tooltip                                                                                                                         00:01 +0: AudioRecorder Accessibility Tests mic button has appropriate tooltip                                                                                                                         00:01 +1: AudioRecorder Accessibility Tests mic button has appropriate tooltip                                                                                                                         00:01 +1: AudioRecorder Accessibility Tests stop button has appropriate tooltip                                                                                                                        00:01 +2: AudioRecorder Accessibility Tests stop button has appropriate tooltip                                                                                                                        00:01 +2: AudioRecorder Accessibility Tests play button has appropriate tooltip                                                                                                                        00:01 +3: AudioRecorder Accessibility Tests play button has appropriate tooltip                                                                                                                        00:01 +3: AudioRecorder Accessibility Tests delete button has appropriate tooltip                                                                                                                      00:01 +4: AudioRecorder Accessibility Tests delete button has appropriate tooltip                                                                                                                      00:01 +4: AudioRecorder Accessibility Tests send button has appropriate tooltip                                                                                                                        00:01 +5: AudioRecorder Accessibility Tests send button has appropriate tooltip                                                                                                                        00:01 +5: AudioRecorder Accessibility Tests buttons have minimum size for touch targets                                                                                                                00:01 +6: AudioRecorder Accessibility Tests buttons have minimum size for touch targets                                                                                                                00:01 +6: AudioRecorder Accessibility Tests buttons have sufficient color contrast                                                                                                                     00:01 +7: AudioRecorder Accessibility Tests buttons have sufficient color contrast                                                                                                                     00:01 +7: AudioRecorder Accessibility Tests buttons have consistent spacing for usability                                                                                                              00:01 +8: AudioRecorder Accessibility Tests buttons have consistent spacing for usability                                                                                                              00:01 +8: AudioRecorder Accessibility Tests error messages are accessible                                                                                                                              00:01 +9: AudioRecorder Accessibility Tests error messages are accessible                                                                                                                              00:01 +9: AudioRecorder Accessibility Tests all buttons use circle shape for consistent UI                                                                                                             00:01 +10: AudioRecorder Accessibility Tests all buttons use circle shape for consistent UI                                                                                                            [ +667 ms] test 0: Test harness is no longer needed by test process
[        ] test 0: finished
[        ] test 0: cleaning up...
[        ] test 0: ensuring test device is terminated.
[        ] test 0: Terminating flutter_tester process
[        ] test 0: Shutting down DevTools server
[        ] test 0: Test process is no longer needed by test harness
[        ] test 0: Shutting down test harness socket server
[   +4 ms] test 0: flutter_tester process at pid 59286 exited with code=-9
[        ] test 0: deleting temporary directory
[   +1 ms] test 0: finished
00:01 +10: All tests passed!                                                                                                                                                                           
[   +3 ms] Deleting /var/folders/f7/rqd14g9d2rv0v4rhwj55l7v40000gn/T/flutter_tools.Fe4eaP/flutter_test_compiler.rjhEnh...
[   +1 ms] killing pid 59259
[  +12 ms] Deleting /var/folders/f7/rqd14g9d2rv0v4rhwj55l7v40000gn/T/flutter_tools.Fe4eaP/flutter_test_fonts.mlo1wz...
[   +1 ms] test package returned with exit code 0
[        ] Runtime for phase TestRunner: Wall-clock: 0:00:01.693529; combined: 0:00:01.693548.
[        ] Runtime for phase Compile: Wall-clock: 0:00:00.551241; combined: 0:00:00.551257.
[        ] Runtime for phase Run: Wall-clock: 0:00:00.997729; combined: 0:00:00.997731.
[        ] Runtime for phase CoverageTotal: Wall-clock: 0:00:00.000000; combined: 0:00:00.000000.
[        ] Runtime for phase CoverageCollect: Wall-clock: 0:00:00.000000; combined: 0:00:00.000000.
[        ] Runtime for phase CoverageParseJson: Wall-clock: 0:00:00.000000; combined: 0:00:00.000000.
[        ] Runtime for phase CoverageAddHitmap: Wall-clock: 0:00:00.000000; combined: 0:00:00.000000.
[        ] Runtime for phase CoverageDataCollect: Wall-clock: 0:00:00.000000; combined: 0:00:00.000000.
[        ] Runtime for phase WatcherFinishedTest: Wall-clock: 0:00:00.000334; combined: 0:00:00.000334.
[   +3 ms] "flutter test" took 2,216ms.
[  +23 ms] Running 3 shutdown hooks
[        ] Shutdown hooks complete
[ +184 ms] exiting with code 0
\n-------------------------------------------\n
[  +13 ms] executing: sysctl hw.optional.arm64
[   +8 ms] Exit code 0 from: sysctl hw.optional.arm64
[        ] hw.optional.arm64: 1
[   +9 ms] executing: sw_vers -productName
[   +9 ms] Exit code 0 from: sw_vers -productName
[        ] macOS
[        ] executing: sw_vers -productVersion
[   +8 ms] Exit code 0 from: sw_vers -productVersion
[        ] 15.5
[        ] executing: sw_vers -buildVersion
[   +8 ms] Exit code 0 from: sw_vers -buildVersion
[        ] 24F74
[        ] executing: uname -m
[   +4 ms] Exit code 0 from: uname -m
[        ] arm64
[  +12 ms] Found 1 files which will be executed as Widget Tests.
[   +3 ms] Artifact Instance of 'AndroidGenSnapshotArtifacts' is not required, skipping update.
[        ] Artifact Instance of 'AndroidInternalBuildArtifacts' is not required, skipping update.
[        ] Artifact Instance of 'IOSEngineArtifacts' is not required, skipping update.
[        ] Artifact Instance of 'FlutterWebSdk' is not required, skipping update.
[        ] Artifact Instance of 'LegacyCanvasKitRemover' is not required, skipping update.
[   +3 ms] Artifact Instance of 'WindowsEngineArtifacts' is not required, skipping update.
[        ] Artifact Instance of 'MacOSEngineArtifacts' is not required, skipping update.
[        ] Artifact Instance of 'LinuxEngineArtifacts' is not required, skipping update.
[        ] Artifact Instance of 'LinuxFuchsiaSDKArtifacts' is not required, skipping update.
[        ] Artifact Instance of 'MacOSFuchsiaSDKArtifacts' is not required, skipping update.
[        ] Artifact Instance of 'FlutterRunnerSDKArtifacts' is not required, skipping update.
[        ] Artifact Instance of 'FlutterRunnerDebugSymbols' is not required, skipping update.
[  +24 ms] Artifact Instance of 'MaterialFonts' is not required, skipping update.
[        ] Artifact Instance of 'GradleWrapper' is not required, skipping update.
[        ] Artifact Instance of 'AndroidGenSnapshotArtifacts' is not required, skipping update.
[        ] Artifact Instance of 'AndroidInternalBuildArtifacts' is not required, skipping update.
[        ] Artifact Instance of 'IOSEngineArtifacts' is not required, skipping update.
[        ] Artifact Instance of 'FlutterWebSdk' is not required, skipping update.
[        ] Artifact Instance of 'LegacyCanvasKitRemover' is not required, skipping update.
[        ] Artifact Instance of 'FlutterSdk' is not required, skipping update.
[        ] Artifact Instance of 'WindowsEngineArtifacts' is not required, skipping update.
[        ] Artifact Instance of 'MacOSEngineArtifacts' is not required, skipping update.
[        ] Artifact Instance of 'LinuxEngineArtifacts' is not required, skipping update.
[        ] Artifact Instance of 'LinuxFuchsiaSDKArtifacts' is not required, skipping update.
[        ] Artifact Instance of 'MacOSFuchsiaSDKArtifacts' is not required, skipping update.
[        ] Artifact Instance of 'FlutterRunnerSDKArtifacts' is not required, skipping update.
[        ] Artifact Instance of 'FlutterRunnerDebugSymbols' is not required, skipping update.
[        ] Artifact Instance of 'IosUsbArtifacts' is not required, skipping update.
[        ] Artifact Instance of 'IosUsbArtifacts' is not required, skipping update.
[        ] Artifact Instance of 'IosUsbArtifacts' is not required, skipping update.
[        ] Artifact Instance of 'IosUsbArtifacts' is not required, skipping update.
[        ] Artifact Instance of 'IosUsbArtifacts' is not required, skipping update.
[        ] Artifact Instance of 'FontSubsetArtifacts' is not required, skipping update.
[        ] Artifact Instance of 'PubDependencies' is not required, skipping update.
[  +30 ms] Skipping pub get: version match.
[  +17 ms] Found plugin audioplayers at /Users/alebairos/.pub-cache/hosted/pub.dev/audioplayers-5.2.1/
[   +2 ms] Found plugin audioplayers_android at /Users/alebairos/.pub-cache/hosted/pub.dev/audioplayers_android-4.0.3/
[   +1 ms] Found plugin audioplayers_darwin at /Users/alebairos/.pub-cache/hosted/pub.dev/audioplayers_darwin-5.0.2/
[   +2 ms] Found plugin audioplayers_linux at /Users/alebairos/.pub-cache/hosted/pub.dev/audioplayers_linux-3.1.0/
[   +2 ms] Found plugin audioplayers_web at /Users/alebairos/.pub-cache/hosted/pub.dev/audioplayers_web-4.1.0/
[   +1 ms] Found plugin audioplayers_windows at /Users/alebairos/.pub-cache/hosted/pub.dev/audioplayers_windows-3.1.0/
[  +27 ms] Found plugin isar_flutter_libs at /Users/alebairos/.pub-cache/hosted/pub.dev/isar_flutter_libs-3.1.0+1/
[  +12 ms] Found plugin path_provider at /Users/alebairos/.pub-cache/hosted/pub.dev/path_provider-2.1.5/
[   +1 ms] Found plugin path_provider_android at /Users/alebairos/.pub-cache/hosted/pub.dev/path_provider_android-2.2.15/
[        ] Found plugin path_provider_foundation at /Users/alebairos/.pub-cache/hosted/pub.dev/path_provider_foundation-2.4.1/
[        ] Found plugin path_provider_linux at /Users/alebairos/.pub-cache/hosted/pub.dev/path_provider_linux-2.2.1/
[   +1 ms] Found plugin path_provider_windows at /Users/alebairos/.pub-cache/hosted/pub.dev/path_provider_windows-2.3.0/
[   +3 ms] Found plugin record at /Users/alebairos/.pub-cache/hosted/pub.dev/record-4.4.4/
[        ] Found plugin record_linux at /Users/alebairos/.pub-cache/hosted/pub.dev/record_linux-0.4.1/
[        ] Found plugin record_macos at /Users/alebairos/.pub-cache/hosted/pub.dev/record_macos-0.2.2/
[   +1 ms] Found plugin record_web at /Users/alebairos/.pub-cache/hosted/pub.dev/record_web-0.5.0/
[        ] Found plugin record_windows at /Users/alebairos/.pub-cache/hosted/pub.dev/record_windows-0.7.1/
[  +13 ms] Found plugin integration_test at /opt/homebrew/Caskroom/flutter/3.27.2/flutter/packages/integration_test/
[  +11 ms] Found plugin audioplayers at /Users/alebairos/.pub-cache/hosted/pub.dev/audioplayers-5.2.1/
[        ] Found plugin audioplayers_android at /Users/alebairos/.pub-cache/hosted/pub.dev/audioplayers_android-4.0.3/
[        ] Found plugin audioplayers_darwin at /Users/alebairos/.pub-cache/hosted/pub.dev/audioplayers_darwin-5.0.2/
[        ] Found plugin audioplayers_linux at /Users/alebairos/.pub-cache/hosted/pub.dev/audioplayers_linux-3.1.0/
[   +1 ms] Found plugin audioplayers_web at /Users/alebairos/.pub-cache/hosted/pub.dev/audioplayers_web-4.1.0/
[        ] Found plugin audioplayers_windows at /Users/alebairos/.pub-cache/hosted/pub.dev/audioplayers_windows-3.1.0/
[  +11 ms] Found plugin isar_flutter_libs at /Users/alebairos/.pub-cache/hosted/pub.dev/isar_flutter_libs-3.1.0+1/
[   +5 ms] Found plugin path_provider at /Users/alebairos/.pub-cache/hosted/pub.dev/path_provider-2.1.5/
[        ] Found plugin path_provider_android at /Users/alebairos/.pub-cache/hosted/pub.dev/path_provider_android-2.2.15/
[        ] Found plugin path_provider_foundation at /Users/alebairos/.pub-cache/hosted/pub.dev/path_provider_foundation-2.4.1/
[        ] Found plugin path_provider_linux at /Users/alebairos/.pub-cache/hosted/pub.dev/path_provider_linux-2.2.1/
[        ] Found plugin path_provider_windows at /Users/alebairos/.pub-cache/hosted/pub.dev/path_provider_windows-2.3.0/
[   +2 ms] Found plugin record at /Users/alebairos/.pub-cache/hosted/pub.dev/record-4.4.4/
[        ] Found plugin record_linux at /Users/alebairos/.pub-cache/hosted/pub.dev/record_linux-0.4.1/
[        ] Found plugin record_macos at /Users/alebairos/.pub-cache/hosted/pub.dev/record_macos-0.2.2/
[        ] Found plugin record_web at /Users/alebairos/.pub-cache/hosted/pub.dev/record_web-0.5.0/
[        ] Found plugin record_windows at /Users/alebairos/.pub-cache/hosted/pub.dev/record_windows-0.7.1/
[   +9 ms] Found plugin integration_test at /opt/homebrew/Caskroom/flutter/3.27.2/flutter/packages/integration_test/
[   +9 ms] Found plugin audioplayers at /Users/alebairos/.pub-cache/hosted/pub.dev/audioplayers-5.2.1/
[        ] Found plugin audioplayers_android at /Users/alebairos/.pub-cache/hosted/pub.dev/audioplayers_android-4.0.3/
[        ] Found plugin audioplayers_darwin at /Users/alebairos/.pub-cache/hosted/pub.dev/audioplayers_darwin-5.0.2/
[        ] Found plugin audioplayers_linux at /Users/alebairos/.pub-cache/hosted/pub.dev/audioplayers_linux-3.1.0/
[        ] Found plugin audioplayers_web at /Users/alebairos/.pub-cache/hosted/pub.dev/audioplayers_web-4.1.0/
[        ] Found plugin audioplayers_windows at /Users/alebairos/.pub-cache/hosted/pub.dev/audioplayers_windows-3.1.0/
[   +9 ms] Found plugin isar_flutter_libs at /Users/alebairos/.pub-cache/hosted/pub.dev/isar_flutter_libs-3.1.0+1/
[   +5 ms] Found plugin path_provider at /Users/alebairos/.pub-cache/hosted/pub.dev/path_provider-2.1.5/
[        ] Found plugin path_provider_android at /Users/alebairos/.pub-cache/hosted/pub.dev/path_provider_android-2.2.15/
[        ] Found plugin path_provider_foundation at /Users/alebairos/.pub-cache/hosted/pub.dev/path_provider_foundation-2.4.1/
[        ] Found plugin path_provider_linux at /Users/alebairos/.pub-cache/hosted/pub.dev/path_provider_linux-2.2.1/
[        ] Found plugin path_provider_windows at /Users/alebairos/.pub-cache/hosted/pub.dev/path_provider_windows-2.3.0/
[   +4 ms] Found plugin record at /Users/alebairos/.pub-cache/hosted/pub.dev/record-4.4.4/
[        ] Found plugin record_linux at /Users/alebairos/.pub-cache/hosted/pub.dev/record_linux-0.4.1/
[        ] Found plugin record_macos at /Users/alebairos/.pub-cache/hosted/pub.dev/record_macos-0.2.2/
[        ] Found plugin record_web at /Users/alebairos/.pub-cache/hosted/pub.dev/record_web-0.5.0/
[        ] Found plugin record_windows at /Users/alebairos/.pub-cache/hosted/pub.dev/record_windows-0.7.1/
[  +10 ms] Found plugin integration_test at /opt/homebrew/Caskroom/flutter/3.27.2/flutter/packages/integration_test/
[   +2 ms] Generating /Users/alebairos/Projects/mobile/chat_app/android/app/src/main/java/io/flutter/plugins/GeneratedPluginRegistrant.java
[  +17 ms] executing: sysctl hw.optional.arm64
[   +4 ms] Exit code 0 from: sysctl hw.optional.arm64
[        ] hw.optional.arm64: 1
[        ] executing: /usr/bin/arch -arm64e xcrun xcodebuild -version
[  +64 ms] Exit code 0 from: /usr/bin/arch -arm64e xcrun xcodebuild -version
[        ] Xcode 16.2
           Build version 16C5032a
[  +58 ms] No packages with native assets. Skipping native assets compilation.
[   +1 ms] Writing native assets json to file:///Users/alebairos/Projects/mobile/chat_app/build/native_assets/macos/native_assets.json.
[        ] Writing /Users/alebairos/Projects/mobile/chat_app/build/native_assets/macos/native_assets.json done.
[  +79 ms] Manifest contained wildcard assets. Inserting missing file into build graph to force rerun. for more information see #56466.
[   +6 ms] running test package with arguments: [--no-color, --chain-stack-traces, --, file:///Users/alebairos/Projects/mobile/chat_app/test/audio_recorder_resource_test.dart?]
00:00 +0: loading /Users/alebairos/Projects/mobile/chat_app/test/audio_recorder_resource_test.dart                                                                                                     [  +99 ms] test 0: starting test /Users/alebairos/Projects/mobile/chat_app/test/audio_recorder_resource_test.dart
[   +2 ms] Stopping scan for flutter_test_config.dart; found project root at /Users/alebairos/Projects/mobile/chat_app
[   +1 ms] Compiler will use the following file as its incremental dill file: /var/folders/f7/rqd14g9d2rv0v4rhwj55l7v40000gn/T/flutter_tools.njCZY6/flutter_test_compiler.rEjAXg/output.dill
[        ] Listening to compiler controller...
[   +3 ms] Compiling file:///var/folders/f7/rqd14g9d2rv0v4rhwj55l7v40000gn/T/flutter_tools.njCZY6/flutter_test_listener.C2ShX0/listener.dart
[  +17 ms] Found plugin audioplayers at /Users/alebairos/.pub-cache/hosted/pub.dev/audioplayers-5.2.1/
[        ] Found plugin audioplayers_android at /Users/alebairos/.pub-cache/hosted/pub.dev/audioplayers_android-4.0.3/
[        ] Found plugin audioplayers_darwin at /Users/alebairos/.pub-cache/hosted/pub.dev/audioplayers_darwin-5.0.2/
[        ] Found plugin audioplayers_linux at /Users/alebairos/.pub-cache/hosted/pub.dev/audioplayers_linux-3.1.0/
[        ] Found plugin audioplayers_web at /Users/alebairos/.pub-cache/hosted/pub.dev/audioplayers_web-4.1.0/
[        ] Found plugin audioplayers_windows at /Users/alebairos/.pub-cache/hosted/pub.dev/audioplayers_windows-3.1.0/
[   +9 ms] Found plugin isar_flutter_libs at /Users/alebairos/.pub-cache/hosted/pub.dev/isar_flutter_libs-3.1.0+1/
[   +4 ms] Found plugin path_provider at /Users/alebairos/.pub-cache/hosted/pub.dev/path_provider-2.1.5/
[        ] Found plugin path_provider_android at /Users/alebairos/.pub-cache/hosted/pub.dev/path_provider_android-2.2.15/
[        ] Found plugin path_provider_foundation at /Users/alebairos/.pub-cache/hosted/pub.dev/path_provider_foundation-2.4.1/
[        ] Found plugin path_provider_linux at /Users/alebairos/.pub-cache/hosted/pub.dev/path_provider_linux-2.2.1/
[        ] Found plugin path_provider_windows at /Users/alebairos/.pub-cache/hosted/pub.dev/path_provider_windows-2.3.0/
[   +1 ms] Found plugin record at /Users/alebairos/.pub-cache/hosted/pub.dev/record-4.4.4/
[        ] Found plugin record_linux at /Users/alebairos/.pub-cache/hosted/pub.dev/record_linux-0.4.1/
[        ] Found plugin record_macos at /Users/alebairos/.pub-cache/hosted/pub.dev/record_macos-0.2.2/
[        ] Found plugin record_web at /Users/alebairos/.pub-cache/hosted/pub.dev/record_web-0.5.0/
[        ] Found plugin record_windows at /Users/alebairos/.pub-cache/hosted/pub.dev/record_windows-0.7.1/
[  +10 ms] Found plugin integration_test at /opt/homebrew/Caskroom/flutter/3.27.2/flutter/packages/integration_test/
[   +4 ms] /opt/homebrew/Caskroom/flutter/3.27.2/flutter/bin/cache/dart-sdk/bin/dartaotruntime /opt/homebrew/Caskroom/flutter/3.27.2/flutter/bin/cache/dart-sdk/bin/snapshots/frontend_server_aot.dart.snapshot --sdk-root /opt/homebrew/Caskroom/flutter/3.27.2/flutter/bin/cache/artifacts/engine/common/flutter_patched_sdk/ --incremental --no-print-incremental-dependencies --target=flutter --experimental-emit-debug-metadata --output-dill /var/folders/f7/rqd14g9d2rv0v4rhwj55l7v40000gn/T/flutter_tools.njCZY6/flutter_test_compiler.rEjAXg/output.dill --packages /Users/alebairos/Projects/mobile/chat_app/.dart_tool/package_config.json -Ddart.vm.profile=false -Ddart.vm.product=false --enable-asserts --track-widget-creation --initialize-from-dill /Users/alebairos/Projects/mobile/chat_app/build/test_cache/build/cache.dill.track.dill --verbosity=error
[   +8 ms] <- compile file:///var/folders/f7/rqd14g9d2rv0v4rhwj55l7v40000gn/T/flutter_tools.njCZY6/flutter_test_listener.C2ShX0/listener.dart
[ +484 ms] <- accept
[        ] <- reset
[        ] Compiling file:///var/folders/f7/rqd14g9d2rv0v4rhwj55l7v40000gn/T/flutter_tools.njCZY6/flutter_test_listener.C2ShX0/listener.dart took 546ms
[        ] test 0: starting test device
[   +1 ms] test 0: awaiting connection to test device
[        ] test 0: VM Service uri is not available
[   +1 ms] test 0: test harness socket server is running at port:58677
[        ] Using this directory for fonts configuration: /var/folders/f7/rqd14g9d2rv0v4rhwj55l7v40000gn/T/flutter_tools.njCZY6/flutter_test_fonts.ncvYGM
[        ] test 0: Starting flutter_tester process with command=[/opt/homebrew/Caskroom/flutter/3.27.2/flutter/bin/cache/artifacts/engine/darwin-x64/flutter_tester, --disable-vm-service, --enable-checked-mode, --verify-entry-points, --enable-software-rendering, --skia-deterministic-rendering, --enable-dart-profiling, --non-interactive, --use-test-fonts, --disable-asset-fonts, --packages=/Users/alebairos/Projects/mobile/chat_app/.dart_tool/package_config.json, --flutter-assets-dir=/Users/alebairos/Projects/mobile/chat_app/build/unit_test_assets, /var/folders/f7/rqd14g9d2rv0v4rhwj55l7v40000gn/T/flutter_tools.njCZY6/flutter_test_listener.C2ShX0/listener.dart.dill], environment={FLUTTER_TEST: true, FONTCONFIG_FILE: /var/folders/f7/rqd14g9d2rv0v4rhwj55l7v40000gn/T/flutter_tools.njCZY6/flutter_test_fonts.ncvYGM/fonts.conf, SERVER_PORT: 58677, APP_NAME: character_ai_clone, UNIT_TEST_ASSETS: /Users/alebairos/Projects/mobile/chat_app/build/unit_test_assets}
[   +3 ms] test 0: Started flutter_tester process at pid 59389
[ +290 ms] test 0: connected to test device, now awaiting test result
[        ] test 0: Waiting for test harness or tests to finish
00:00 +0: AudioRecorder Resource Management Tests disposes player when widget is removed                                                                                                               00:01 +0: AudioRecorder Resource Management Tests disposes player when widget is removed                                                                                                               00:01 +1: AudioRecorder Resource Management Tests disposes player when widget is removed                                                                                                               00:01 +1: AudioRecorder Resource Management Tests uses appropriate audio encoding settings                                                                                                             00:01 +2: AudioRecorder Resource Management Tests uses appropriate audio encoding settings                                                                                                             00:01 +2: AudioRecorder Resource Management Tests cleans up state when deleting recording                                                                                                              00:01 +3: AudioRecorder Resource Management Tests cleans up state when deleting recording                                                                                                              00:01 +3: AudioRecorder Resource Management Tests stops playback when starting a new recording                                                                                                         00:01 +4: AudioRecorder Resource Management Tests stops playback when starting a new recording                                                                                                         [ +559 ms] test 0: Test harness is no longer needed by test process
[        ] test 0: finished
[        ] test 0: cleaning up...
[        ] test 0: ensuring test device is terminated.
[        ] test 0: Terminating flutter_tester process
[        ] test 0: Shutting down DevTools server
[        ] test 0: Test process is no longer needed by test harness
[        ] test 0: Shutting down test harness socket server
[   +4 ms] test 0: flutter_tester process at pid 59389 exited with code=-9
[        ] test 0: deleting temporary directory
[   +1 ms] test 0: finished
00:01 +4: All tests passed!                                                                                                                                                                            
[   +3 ms] Deleting /var/folders/f7/rqd14g9d2rv0v4rhwj55l7v40000gn/T/flutter_tools.njCZY6/flutter_test_compiler.rEjAXg...
[   +1 ms] killing pid 59356
[  +10 ms] Deleting /var/folders/f7/rqd14g9d2rv0v4rhwj55l7v40000gn/T/flutter_tools.njCZY6/flutter_test_fonts.ncvYGM...
[   +1 ms] test package returned with exit code 0
[        ] Runtime for phase TestRunner: Wall-clock: 0:00:01.540517; combined: 0:00:01.540533.
[        ] Runtime for phase Compile: Wall-clock: 0:00:00.546278; combined: 0:00:00.546296.
[        ] Runtime for phase Run: Wall-clock: 0:00:00.858861; combined: 0:00:00.858863.
[        ] Runtime for phase CoverageTotal: Wall-clock: 0:00:00.000000; combined: 0:00:00.000000.
[        ] Runtime for phase CoverageCollect: Wall-clock: 0:00:00.000000; combined: 0:00:00.000000.
[        ] Runtime for phase CoverageParseJson: Wall-clock: 0:00:00.000000; combined: 0:00:00.000000.
[        ] Runtime for phase CoverageAddHitmap: Wall-clock: 0:00:00.000000; combined: 0:00:00.000000.
[        ] Runtime for phase CoverageDataCollect: Wall-clock: 0:00:00.000000; combined: 0:00:00.000000.
[        ] Runtime for phase WatcherFinishedTest: Wall-clock: 0:00:00.000448; combined: 0:00:00.000449.
[   +3 ms] "flutter test" took 2,072ms.
[  +23 ms] Running 3 shutdown hooks
[   +1 ms] Shutdown hooks complete
[ +149 ms] exiting with code 0
\n-------------------------------------------\n
Completed at: Wed Aug 13 22:27:40 -03 2025
